INFO: [VRFC 10-2263] Analyzing Verilog file "G:/zed_board/F/Vivado_projects/Pynq/Pynq_handwritten_digit_recognition.sim/sim_1/synth/func/xsim/NN_tb_func_synth.v" into library xil_defaultlib
INFO: [VRFC 10-311] analyzing module axi_bram_ctrl
INFO: [VRFC 10-311] analyzing module axi_bram_ctrl_top
INFO: [VRFC 10-311] analyzing module bd_49ec_arsw_0
INFO: [VRFC 10-311] analyzing module bd_49ec_awsw_0
INFO: [VRFC 10-311] analyzing module bd_49ec_bsw_0
INFO: [VRFC 10-311] analyzing module bd_49ec_m00arn_0
INFO: [VRFC 10-311] analyzing module bd_49ec_m00awn_0
INFO: [VRFC 10-311] analyzing module bd_49ec_m00bn_0
INFO: [VRFC 10-311] analyzing module bd_49ec_m00e_0
INFO: [VRFC 10-311] analyzing module bd_49ec_m00rn_0
INFO: [VRFC 10-311] analyzing module bd_49ec_m00s2a_0
INFO: [VRFC 10-311] analyzing module bd_49ec_m00wn_0
INFO: [VRFC 10-311] analyzing module bd_49ec_m01arn_0
INFO: [VRFC 10-311] analyzing module bd_49ec_m01awn_0
INFO: [VRFC 10-311] analyzing module bd_49ec_m01bn_0
INFO: [VRFC 10-311] analyzing module bd_49ec_m01e_0
INFO: [VRFC 10-311] analyzing module bd_49ec_m01rn_0
INFO: [VRFC 10-311] analyzing module bd_49ec_m01s2a_0
INFO: [VRFC 10-311] analyzing module bd_49ec_m01wn_0
INFO: [VRFC 10-311] analyzing module bd_49ec_psr_aclk_0
INFO: [VRFC 10-311] analyzing module bd_49ec_rsw_0
INFO: [VRFC 10-311] analyzing module bd_49ec_s00a2s_0
INFO: [VRFC 10-311] analyzing module bd_49ec_s00mmu_0
INFO: [VRFC 10-311] analyzing module bd_49ec_s00sic_0
INFO: [VRFC 10-311] analyzing module bd_49ec_s00tr_0
INFO: [VRFC 10-311] analyzing module bd_49ec_s01a2s_0
INFO: [VRFC 10-311] analyzing module bd_49ec_s01mmu_0
INFO: [VRFC 10-311] analyzing module bd_49ec_s01sic_0
INFO: [VRFC 10-311] analyzing module bd_49ec_s01tr_0
INFO: [VRFC 10-311] analyzing module bd_49ec_sarn_0
INFO: [VRFC 10-311] analyzing module bd_49ec_sarn_1
INFO: [VRFC 10-311] analyzing module bd_49ec_sawn_0
INFO: [VRFC 10-311] analyzing module bd_49ec_sawn_1
INFO: [VRFC 10-311] analyzing module bd_49ec_sbn_0
INFO: [VRFC 10-311] analyzing module bd_49ec_sbn_1
INFO: [VRFC 10-311] analyzing module bd_49ec_srn_0
INFO: [VRFC 10-311] analyzing module bd_49ec_srn_1
INFO: [VRFC 10-311] analyzing module bd_49ec_swn_0
INFO: [VRFC 10-311] analyzing module bd_49ec_swn_1
INFO: [VRFC 10-311] analyzing module bd_49ec_wsw_0
INFO: [VRFC 10-311] analyzing module blk_mem_gen_generic_cstr
INFO: [VRFC 10-311] analyzing module blk_mem_gen_prim_width
INFO: [VRFC 10-311] analyzing module blk_mem_gen_prim_width__parameterized0
INFO: [VRFC 10-311] analyzing module blk_mem_gen_prim_wrapper
INFO: [VRFC 10-311] analyzing module blk_mem_gen_prim_wrapper__parameterized0
INFO: [VRFC 10-311] analyzing module blk_mem_gen_top
INFO: [VRFC 10-311] analyzing module blk_mem_gen_v8_4_11
INFO: [VRFC 10-311] analyzing module blk_mem_gen_v8_4_11_synth
INFO: [VRFC 10-311] analyzing module design_1_axi_bram_ctrl_0_1
INFO: [VRFC 10-311] analyzing module design_1_blk_mem_gen_0_0
INFO: [VRFC 10-311] analyzing module design_1_proc_sys_reset_0_2
INFO: [VRFC 10-311] analyzing module full_axi
INFO: [VRFC 10-311] analyzing module lpf
INFO: [VRFC 10-311] analyzing module lpf__parameterized0
INFO: [VRFC 10-311] analyzing module neural_network_v1_0_S00_AXI
INFO: [VRFC 10-311] analyzing module proc_sys_reset__parameterized1
INFO: [VRFC 10-311] analyzing module rd_chnl
INFO: [VRFC 10-311] analyzing module sc_axi2sc_v1_0_10_top
INFO: [VRFC 10-311] analyzing module sc_axi2sc_v1_0_10_top__parameterized0
INFO: [VRFC 10-311] analyzing module sc_exit_v1_0_17_axilite_conv
INFO: [VRFC 10-311] analyzing module sc_exit_v1_0_17_exit
INFO: [VRFC 10-311] analyzing module sc_exit_v1_0_17_exit__parameterized0
INFO: [VRFC 10-311] analyzing module sc_exit_v1_0_17_splitter__parameterized0
INFO: [VRFC 10-311] analyzing module sc_exit_v1_0_17_top__parameterized0
INFO: [VRFC 10-311] analyzing module sc_mmu_v1_0_15_decerr_slave
INFO: [VRFC 10-311] analyzing module sc_mmu_v1_0_15_decerr_slave_637
INFO: [VRFC 10-311] analyzing module sc_mmu_v1_0_15_top
INFO: [VRFC 10-311] analyzing module sc_mmu_v1_0_15_top__parameterized0
INFO: [VRFC 10-311] analyzing module sc_node_v1_0_18_arb_alg_rr
INFO: [VRFC 10-311] analyzing module sc_node_v1_0_18_arb_alg_rr_681
INFO: [VRFC 10-311] analyzing module sc_node_v1_0_18_arb_alg_rr_735
INFO: [VRFC 10-311] analyzing module sc_node_v1_0_18_arb_alg_rr_749
INFO: [VRFC 10-311] analyzing module sc_node_v1_0_18_arb_alg_rr__parameterized0
INFO: [VRFC 10-311] analyzing module sc_node_v1_0_18_arb_alg_rr__parameterized0_213
INFO: [VRFC 10-311] analyzing module sc_node_v1_0_18_arb_alg_rr__parameterized0_226
INFO: [VRFC 10-311] analyzing module sc_node_v1_0_18_arb_alg_rr__parameterized0_23
INFO: [VRFC 10-311] analyzing module sc_node_v1_0_18_fifo
INFO: [VRFC 10-311] analyzing module sc_node_v1_0_18_fifo__parameterized0
INFO: [VRFC 10-311] analyzing module sc_node_v1_0_18_fifo__parameterized0__xdcDup__1
INFO: [VRFC 10-311] analyzing module sc_node_v1_0_18_fifo__parameterized0__xdcDup__2
INFO: [VRFC 10-311] analyzing module sc_node_v1_0_18_fifo__parameterized0__xdcDup__3
INFO: [VRFC 10-311] analyzing module sc_node_v1_0_18_fifo__parameterized1
INFO: [VRFC 10-311] analyzing module sc_node_v1_0_18_fifo__parameterized10
INFO: [VRFC 10-311] analyzing module sc_node_v1_0_18_fifo__parameterized10__xdcDup__1
INFO: [VRFC 10-311] analyzing module sc_node_v1_0_18_fifo__parameterized1__xdcDup__1
INFO: [VRFC 10-311] analyzing module sc_node_v1_0_18_fifo__parameterized1__xdcDup__2
INFO: [VRFC 10-311] analyzing module sc_node_v1_0_18_fifo__parameterized1__xdcDup__3
INFO: [VRFC 10-311] analyzing module sc_node_v1_0_18_fifo__parameterized2
INFO: [VRFC 10-311] analyzing module sc_node_v1_0_18_fifo__parameterized2__xdcDup__1
INFO: [VRFC 10-311] analyzing module sc_node_v1_0_18_fifo__parameterized3
INFO: [VRFC 10-311] analyzing module sc_node_v1_0_18_fifo__parameterized3__xdcDup__1
INFO: [VRFC 10-311] analyzing module sc_node_v1_0_18_fifo__parameterized4
INFO: [VRFC 10-311] analyzing module sc_node_v1_0_18_fifo__parameterized4__xdcDup__1
INFO: [VRFC 10-311] analyzing module sc_node_v1_0_18_fifo__parameterized4__xdcDup__2
INFO: [VRFC 10-311] analyzing module sc_node_v1_0_18_fifo__parameterized4__xdcDup__3
INFO: [VRFC 10-311] analyzing module sc_node_v1_0_18_fifo__parameterized5
INFO: [VRFC 10-311] analyzing module sc_node_v1_0_18_fifo__parameterized5__xdcDup__1
INFO: [VRFC 10-311] analyzing module sc_node_v1_0_18_fifo__parameterized6
INFO: [VRFC 10-311] analyzing module sc_node_v1_0_18_fifo__parameterized6__xdcDup__1
INFO: [VRFC 10-311] analyzing module sc_node_v1_0_18_fifo__parameterized6__xdcDup__2
INFO: [VRFC 10-311] analyzing module sc_node_v1_0_18_fifo__parameterized6__xdcDup__3
INFO: [VRFC 10-311] analyzing module sc_node_v1_0_18_fifo__parameterized6__xdcDup__4
INFO: [VRFC 10-311] analyzing module sc_node_v1_0_18_fifo__parameterized6__xdcDup__5
INFO: [VRFC 10-311] analyzing module sc_node_v1_0_18_fifo__parameterized7
INFO: [VRFC 10-311] analyzing module sc_node_v1_0_18_fifo__parameterized7__xdcDup__1
INFO: [VRFC 10-311] analyzing module sc_node_v1_0_18_fifo__parameterized7__xdcDup__2
INFO: [VRFC 10-311] analyzing module sc_node_v1_0_18_fifo__parameterized7__xdcDup__3
INFO: [VRFC 10-311] analyzing module sc_node_v1_0_18_fifo__parameterized8
INFO: [VRFC 10-311] analyzing module sc_node_v1_0_18_fifo__parameterized8__xdcDup__1
INFO: [VRFC 10-311] analyzing module sc_node_v1_0_18_fifo__parameterized9
INFO: [VRFC 10-311] analyzing module sc_node_v1_0_18_fifo__parameterized9__xdcDup__1
INFO: [VRFC 10-311] analyzing module sc_node_v1_0_18_fifo__xdcDup__1
INFO: [VRFC 10-311] analyzing module sc_node_v1_0_18_fifo__xdcDup__2
INFO: [VRFC 10-311] analyzing module sc_node_v1_0_18_fifo__xdcDup__3
INFO: [VRFC 10-311] analyzing module sc_node_v1_0_18_fifo__xdcDup__4
INFO: [VRFC 10-311] analyzing module sc_node_v1_0_18_fifo__xdcDup__5
INFO: [VRFC 10-311] analyzing module sc_node_v1_0_18_fifo__xdcDup__6
INFO: [VRFC 10-311] analyzing module sc_node_v1_0_18_fifo__xdcDup__7
INFO: [VRFC 10-311] analyzing module sc_node_v1_0_18_fifo__xdcDup__8
INFO: [VRFC 10-311] analyzing module sc_node_v1_0_18_fifo__xdcDup__9
INFO: [VRFC 10-311] analyzing module sc_node_v1_0_18_ingress
INFO: [VRFC 10-311] analyzing module sc_node_v1_0_18_ingress_752
INFO: [VRFC 10-311] analyzing module sc_node_v1_0_18_ingress__parameterized0
INFO: [VRFC 10-311] analyzing module sc_node_v1_0_18_ingress__parameterized0_740
INFO: [VRFC 10-311] analyzing module sc_node_v1_0_18_ingress__parameterized3
INFO: [VRFC 10-311] analyzing module sc_node_v1_0_18_ingress__parameterized3_709
INFO: [VRFC 10-311] analyzing module sc_node_v1_0_18_ingress__parameterized6
INFO: [VRFC 10-311] analyzing module sc_node_v1_0_18_ingress__parameterized6_229
INFO: [VRFC 10-311] analyzing module sc_node_v1_0_18_ingress__parameterized7
INFO: [VRFC 10-311] analyzing module sc_node_v1_0_18_ingress__parameterized7_216
INFO: [VRFC 10-311] analyzing module sc_node_v1_0_18_mi_handler
INFO: [VRFC 10-311] analyzing module sc_node_v1_0_18_mi_handler__parameterized0
INFO: [VRFC 10-311] analyzing module sc_node_v1_0_18_mi_handler__parameterized0__xdcDup__1
INFO: [VRFC 10-311] analyzing module sc_node_v1_0_18_mi_handler__parameterized1
INFO: [VRFC 10-311] analyzing module sc_node_v1_0_18_mi_handler__parameterized1__xdcDup__1
INFO: [VRFC 10-311] analyzing module sc_node_v1_0_18_mi_handler__parameterized2
INFO: [VRFC 10-311] analyzing module sc_node_v1_0_18_mi_handler__parameterized2__xdcDup__1
INFO: [VRFC 10-311] analyzing module sc_node_v1_0_18_mi_handler__parameterized3
INFO: [VRFC 10-311] analyzing module sc_node_v1_0_18_mi_handler__parameterized3__xdcDup__1
INFO: [VRFC 10-311] analyzing module sc_node_v1_0_18_mi_handler__parameterized4
INFO: [VRFC 10-311] analyzing module sc_node_v1_0_18_mi_handler__parameterized4__xdcDup__1
INFO: [VRFC 10-311] analyzing module sc_node_v1_0_18_mi_handler__parameterized5
INFO: [VRFC 10-311] analyzing module sc_node_v1_0_18_mi_handler__parameterized5__xdcDup__1
INFO: [VRFC 10-311] analyzing module sc_node_v1_0_18_mi_handler__parameterized6
INFO: [VRFC 10-311] analyzing module sc_node_v1_0_18_mi_handler__parameterized6__xdcDup__1
INFO: [VRFC 10-311] analyzing module sc_node_v1_0_18_mi_handler__parameterized7
INFO: [VRFC 10-311] analyzing module sc_node_v1_0_18_mi_handler__parameterized7__xdcDup__1
INFO: [VRFC 10-311] analyzing module sc_node_v1_0_18_mi_handler__parameterized8
INFO: [VRFC 10-311] analyzing module sc_node_v1_0_18_mi_handler__parameterized8__xdcDup__1
INFO: [VRFC 10-311] analyzing module sc_node_v1_0_18_mi_handler__xdcDup__1
INFO: [VRFC 10-311] analyzing module sc_node_v1_0_18_reg_slice3__parameterized0
INFO: [VRFC 10-311] analyzing module sc_node_v1_0_18_reg_slice3__parameterized0_662
INFO: [VRFC 10-311] analyzing module sc_node_v1_0_18_reg_slice3__parameterized0_718
INFO: [VRFC 10-311] analyzing module sc_node_v1_0_18_reg_slice3__parameterized0_726
INFO: [VRFC 10-311] analyzing module sc_node_v1_0_18_reg_slice3__parameterized1
INFO: [VRFC 10-311] analyzing module sc_node_v1_0_18_reg_slice3__parameterized1_205
INFO: [VRFC 10-311] analyzing module sc_node_v1_0_18_reg_slice3__parameterized1_239
INFO: [VRFC 10-311] analyzing module sc_node_v1_0_18_reg_slice3__parameterized1_247
INFO: [VRFC 10-311] analyzing module sc_node_v1_0_18_reg_slice3__parameterized1_34
INFO: [VRFC 10-311] analyzing module sc_node_v1_0_18_reg_slice3__parameterized1_41
INFO: [VRFC 10-311] analyzing module sc_node_v1_0_18_si_handler
INFO: [VRFC 10-311] analyzing module sc_node_v1_0_18_si_handler_748
INFO: [VRFC 10-311] analyzing module sc_node_v1_0_18_si_handler__parameterized0
INFO: [VRFC 10-311] analyzing module sc_node_v1_0_18_si_handler__parameterized0_733
INFO: [VRFC 10-311] analyzing module sc_node_v1_0_18_si_handler__parameterized1
INFO: [VRFC 10-311] analyzing module sc_node_v1_0_18_si_handler__parameterized1_725
INFO: [VRFC 10-311] analyzing module sc_node_v1_0_18_si_handler__parameterized2
INFO: [VRFC 10-311] analyzing module sc_node_v1_0_18_si_handler__parameterized2_717
INFO: [VRFC 10-311] analyzing module sc_node_v1_0_18_si_handler__parameterized3
INFO: [VRFC 10-311] analyzing module sc_node_v1_0_18_si_handler__parameterized3__xdcDup__1
INFO: [VRFC 10-311] analyzing module sc_node_v1_0_18_si_handler__parameterized4
INFO: [VRFC 10-311] analyzing module sc_node_v1_0_18_si_handler__parameterized4_246
INFO: [VRFC 10-311] analyzing module sc_node_v1_0_18_si_handler__parameterized5
INFO: [VRFC 10-311] analyzing module sc_node_v1_0_18_si_handler__parameterized5_238
INFO: [VRFC 10-311] analyzing module sc_node_v1_0_18_si_handler__parameterized6
INFO: [VRFC 10-311] analyzing module sc_node_v1_0_18_si_handler__parameterized6_225
INFO: [VRFC 10-311] analyzing module sc_node_v1_0_18_si_handler__parameterized7
INFO: [VRFC 10-311] analyzing module sc_node_v1_0_18_si_handler__parameterized7_212
INFO: [VRFC 10-311] analyzing module sc_node_v1_0_18_si_handler__parameterized8
INFO: [VRFC 10-311] analyzing module sc_node_v1_0_18_si_handler__parameterized8_204
INFO: [VRFC 10-311] analyzing module sc_node_v1_0_18_top
INFO: [VRFC 10-311] analyzing module sc_node_v1_0_18_top__parameterized0
INFO: [VRFC 10-311] analyzing module sc_node_v1_0_18_top__parameterized0__xdcDup__1
INFO: [VRFC 10-311] analyzing module sc_node_v1_0_18_top__parameterized1
INFO: [VRFC 10-311] analyzing module sc_node_v1_0_18_top__parameterized1__xdcDup__1
INFO: [VRFC 10-311] analyzing module sc_node_v1_0_18_top__parameterized2
INFO: [VRFC 10-311] analyzing module sc_node_v1_0_18_top__parameterized2__xdcDup__1
INFO: [VRFC 10-311] analyzing module sc_node_v1_0_18_top__parameterized3
INFO: [VRFC 10-311] analyzing module sc_node_v1_0_18_top__parameterized3__xdcDup__1
INFO: [VRFC 10-311] analyzing module sc_node_v1_0_18_top__parameterized4__xdcDup__1
INFO: [VRFC 10-311] analyzing module sc_node_v1_0_18_top__parameterized5
INFO: [VRFC 10-311] analyzing module sc_node_v1_0_18_top__parameterized5__xdcDup__1
INFO: [VRFC 10-311] analyzing module sc_node_v1_0_18_top__parameterized6__xdcDup__1
INFO: [VRFC 10-311] analyzing module sc_node_v1_0_18_top__parameterized7
INFO: [VRFC 10-311] analyzing module sc_node_v1_0_18_top__parameterized7__xdcDup__1
INFO: [VRFC 10-311] analyzing module sc_node_v1_0_18_top__parameterized8
INFO: [VRFC 10-311] analyzing module sc_node_v1_0_18_top__parameterized8__xdcDup__1
INFO: [VRFC 10-311] analyzing module sc_node_v1_0_18_top__xdcDup__1
INFO: [VRFC 10-311] analyzing module sc_sc2axi_v1_0_10_top
INFO: [VRFC 10-311] analyzing module sc_si_converter_v1_0_15_arb_alg_rr
INFO: [VRFC 10-311] analyzing module sc_si_converter_v1_0_15_offset_fifo
INFO: [VRFC 10-311] analyzing module sc_si_converter_v1_0_15_offset_fifo_278
INFO: [VRFC 10-311] analyzing module sc_si_converter_v1_0_15_offset_fifo_280
INFO: [VRFC 10-311] analyzing module sc_si_converter_v1_0_15_offset_fifo_282
INFO: [VRFC 10-311] analyzing module sc_si_converter_v1_0_15_offset_fifo__parameterized0
INFO: [VRFC 10-311] analyzing module sc_si_converter_v1_0_15_offset_fifo__parameterized0_284
INFO: [VRFC 10-311] analyzing module sc_si_converter_v1_0_15_offset_fifo__parameterized1
INFO: [VRFC 10-311] analyzing module sc_si_converter_v1_0_15_splitter
INFO: [VRFC 10-311] analyzing module sc_si_converter_v1_0_15_splitter__parameterized0
INFO: [VRFC 10-311] analyzing module sc_si_converter_v1_0_15_wrap_narrow
INFO: [VRFC 10-311] analyzing module sc_si_converter_v1_0_15_wrap_narrow__parameterized0
INFO: [VRFC 10-311] analyzing module sc_switchboard_v1_0_8_top
INFO: [VRFC 10-311] analyzing module sc_switchboard_v1_0_8_top__1
INFO: [VRFC 10-311] analyzing module sc_switchboard_v1_0_8_top__parameterized0
INFO: [VRFC 10-311] analyzing module sc_switchboard_v1_0_8_top__parameterized1
INFO: [VRFC 10-311] analyzing module sc_switchboard_v1_0_8_top__parameterized2
INFO: [VRFC 10-311] analyzing module sc_transaction_regulator_v1_0_11_multithread
INFO: [VRFC 10-311] analyzing module sc_transaction_regulator_v1_0_11_multithread_254
INFO: [VRFC 10-311] analyzing module sc_transaction_regulator_v1_0_11_singleorder
INFO: [VRFC 10-311] analyzing module sc_transaction_regulator_v1_0_11_singleorder_48
INFO: [VRFC 10-311] analyzing module sc_util_v1_0_4_axi_reg_stall
INFO: [VRFC 10-311] analyzing module sc_util_v1_0_4_axi_reg_stall_196
INFO: [VRFC 10-311] analyzing module sc_util_v1_0_4_axi_reg_stall_197
INFO: [VRFC 10-311] analyzing module sc_util_v1_0_4_axi_reg_stall_198
INFO: [VRFC 10-311] analyzing module sc_util_v1_0_4_axi_reg_stall_199
INFO: [VRFC 10-311] analyzing module sc_util_v1_0_4_axi_reg_stall_200
INFO: [VRFC 10-311] analyzing module sc_util_v1_0_4_axi_reg_stall_201
INFO: [VRFC 10-311] analyzing module sc_util_v1_0_4_axi_reg_stall_202
INFO: [VRFC 10-311] analyzing module sc_util_v1_0_4_axi_reg_stall_255
INFO: [VRFC 10-311] analyzing module sc_util_v1_0_4_axi_reg_stall_261
INFO: [VRFC 10-311] analyzing module sc_util_v1_0_4_axi_reg_stall_274
INFO: [VRFC 10-311] analyzing module sc_util_v1_0_4_axi_reg_stall_275
INFO: [VRFC 10-311] analyzing module sc_util_v1_0_4_axi_reg_stall_632
INFO: [VRFC 10-311] analyzing module sc_util_v1_0_4_axi_reg_stall_633
INFO: [VRFC 10-311] analyzing module sc_util_v1_0_4_axi_reg_stall_634
INFO: [VRFC 10-311] analyzing module sc_util_v1_0_4_axi_reg_stall_635
INFO: [VRFC 10-311] analyzing module sc_util_v1_0_4_axi_reg_stall_636
INFO: [VRFC 10-311] analyzing module sc_util_v1_0_4_axi_reg_stall_640
INFO: [VRFC 10-311] analyzing module sc_util_v1_0_4_axi_reg_stall_641
INFO: [VRFC 10-311] analyzing module sc_util_v1_0_4_axi_reg_stall_691
INFO: [VRFC 10-311] analyzing module sc_util_v1_0_4_axi_reg_stall_692
INFO: [VRFC 10-311] analyzing module sc_util_v1_0_4_axi_reg_stall_693
INFO: [VRFC 10-311] analyzing module sc_util_v1_0_4_axi_reg_stall_694
INFO: [VRFC 10-311] analyzing module sc_util_v1_0_4_axi_reg_stall_695
INFO: [VRFC 10-311] analyzing module sc_util_v1_0_4_axi_reg_stall_760
INFO: [VRFC 10-311] analyzing module sc_util_v1_0_4_axi_reg_stall_761
INFO: [VRFC 10-311] analyzing module sc_util_v1_0_4_axi_reg_stall_762
INFO: [VRFC 10-311] analyzing module sc_util_v1_0_4_axi_reg_stall_763
INFO: [VRFC 10-311] analyzing module sc_util_v1_0_4_axi_reg_stall_764
INFO: [VRFC 10-311] analyzing module sc_util_v1_0_4_axi_reg_stall_80
INFO: [VRFC 10-311] analyzing module sc_util_v1_0_4_axi_splitter
INFO: [VRFC 10-311] analyzing module sc_util_v1_0_4_axi_splitter_639
INFO: [VRFC 10-311] analyzing module sc_util_v1_0_4_axic_reg_srl_fifo
INFO: [VRFC 10-311] analyzing module sc_util_v1_0_4_axic_reg_srl_fifo_765
INFO: [VRFC 10-311] analyzing module sc_util_v1_0_4_axic_reg_srl_fifo__parameterized0
INFO: [VRFC 10-311] analyzing module sc_util_v1_0_4_axic_reg_srl_fifo__parameterized0_766
INFO: [VRFC 10-311] analyzing module sc_util_v1_0_4_axic_reg_srl_fifo__parameterized1
INFO: [VRFC 10-311] analyzing module sc_util_v1_0_4_axic_reg_srl_fifo__parameterized1_283
INFO: [VRFC 10-311] analyzing module sc_util_v1_0_4_axic_reg_srl_fifo__parameterized1_669
INFO: [VRFC 10-311] analyzing module sc_util_v1_0_4_axic_reg_srl_fifo__parameterized1_734
INFO: [VRFC 10-311] analyzing module sc_util_v1_0_4_axic_reg_srl_fifo__parameterized2
INFO: [VRFC 10-311] analyzing module sc_util_v1_0_4_axic_reg_srl_fifo__parameterized2_638
INFO: [VRFC 10-311] analyzing module sc_util_v1_0_4_axic_reg_srl_fifo__parameterized3
INFO: [VRFC 10-311] analyzing module sc_util_v1_0_4_axic_reg_srl_fifo__parameterized3_266
INFO: [VRFC 10-311] analyzing module sc_util_v1_0_4_axic_reg_srl_fifo__parameterized4
INFO: [VRFC 10-311] analyzing module sc_util_v1_0_4_axic_reg_srl_fifo__parameterized4_276
INFO: [VRFC 10-311] analyzing module sc_util_v1_0_4_axic_reg_srl_fifo__parameterized4_277
INFO: [VRFC 10-311] analyzing module sc_util_v1_0_4_axic_reg_srl_fifo__parameterized4_279
INFO: [VRFC 10-311] analyzing module sc_util_v1_0_4_axic_reg_srl_fifo__parameterized4_281
INFO: [VRFC 10-311] analyzing module sc_util_v1_0_4_axic_reg_srl_fifo__parameterized5
INFO: [VRFC 10-311] analyzing module sc_util_v1_0_4_axic_reg_srl_fifo__parameterized5_138
INFO: [VRFC 10-311] analyzing module sc_util_v1_0_4_axic_reg_srl_fifo__parameterized5_285
INFO: [VRFC 10-311] analyzing module sc_util_v1_0_4_axic_reg_srl_fifo__parameterized5_352
INFO: [VRFC 10-311] analyzing module sc_util_v1_0_4_axic_reg_srl_fifo__parameterized5_422
INFO: [VRFC 10-311] analyzing module sc_util_v1_0_4_axic_reg_srl_fifo__parameterized5_492
INFO: [VRFC 10-311] analyzing module sc_util_v1_0_4_axic_reg_srl_fifo__parameterized5_562
INFO: [VRFC 10-311] analyzing module sc_util_v1_0_4_axic_reg_srl_fifo__parameterized5_60
INFO: [VRFC 10-311] analyzing module sc_util_v1_0_4_axic_reg_srl_fifo__parameterized5_81
INFO: [VRFC 10-311] analyzing module sc_util_v1_0_4_axic_reg_srl_fifo__parameterized6
INFO: [VRFC 10-311] analyzing module sc_util_v1_0_4_axic_reg_srl_fifo__parameterized6_260
INFO: [VRFC 10-311] analyzing module sc_util_v1_0_4_counter
INFO: [VRFC 10-311] analyzing module sc_util_v1_0_4_counter_16
INFO: [VRFC 10-311] analyzing module sc_util_v1_0_4_counter_214
INFO: [VRFC 10-311] analyzing module sc_util_v1_0_4_counter_215
INFO: [VRFC 10-311] analyzing module sc_util_v1_0_4_counter_227
INFO: [VRFC 10-311] analyzing module sc_util_v1_0_4_counter_228
INFO: [VRFC 10-311] analyzing module sc_util_v1_0_4_counter_24
INFO: [VRFC 10-311] analyzing module sc_util_v1_0_4_counter_25
INFO: [VRFC 10-311] analyzing module sc_util_v1_0_4_counter_670
INFO: [VRFC 10-311] analyzing module sc_util_v1_0_4_counter_671
INFO: [VRFC 10-311] analyzing module sc_util_v1_0_4_counter_682
INFO: [VRFC 10-311] analyzing module sc_util_v1_0_4_counter_683
INFO: [VRFC 10-311] analyzing module sc_util_v1_0_4_counter_736
INFO: [VRFC 10-311] analyzing module sc_util_v1_0_4_counter_737
INFO: [VRFC 10-311] analyzing module sc_util_v1_0_4_counter_750
INFO: [VRFC 10-311] analyzing module sc_util_v1_0_4_counter_751
INFO: [VRFC 10-311] analyzing module sc_util_v1_0_4_counter__parameterized0
INFO: [VRFC 10-311] analyzing module sc_util_v1_0_4_counter__parameterized0_12
INFO: [VRFC 10-311] analyzing module sc_util_v1_0_4_counter__parameterized0_13
INFO: [VRFC 10-311] analyzing module sc_util_v1_0_4_counter__parameterized0_14
INFO: [VRFC 10-311] analyzing module sc_util_v1_0_4_counter__parameterized0_17
INFO: [VRFC 10-311] analyzing module sc_util_v1_0_4_counter__parameterized0_18
INFO: [VRFC 10-311] analyzing module sc_util_v1_0_4_counter__parameterized0_20
INFO: [VRFC 10-311] analyzing module sc_util_v1_0_4_counter__parameterized0_206
INFO: [VRFC 10-311] analyzing module sc_util_v1_0_4_counter__parameterized0_207
INFO: [VRFC 10-311] analyzing module sc_util_v1_0_4_counter__parameterized0_209
INFO: [VRFC 10-311] analyzing module sc_util_v1_0_4_counter__parameterized0_21
INFO: [VRFC 10-311] analyzing module sc_util_v1_0_4_counter__parameterized0_210
INFO: [VRFC 10-311] analyzing module sc_util_v1_0_4_counter__parameterized0_219
INFO: [VRFC 10-311] analyzing module sc_util_v1_0_4_counter__parameterized0_220
INFO: [VRFC 10-311] analyzing module sc_util_v1_0_4_counter__parameterized0_222
INFO: [VRFC 10-311] analyzing module sc_util_v1_0_4_counter__parameterized0_223
INFO: [VRFC 10-311] analyzing module sc_util_v1_0_4_counter__parameterized0_232
INFO: [VRFC 10-311] analyzing module sc_util_v1_0_4_counter__parameterized0_233
INFO: [VRFC 10-311] analyzing module sc_util_v1_0_4_counter__parameterized0_235
INFO: [VRFC 10-311] analyzing module sc_util_v1_0_4_counter__parameterized0_236
INFO: [VRFC 10-311] analyzing module sc_util_v1_0_4_counter__parameterized0_240
INFO: [VRFC 10-311] analyzing module sc_util_v1_0_4_counter__parameterized0_241
INFO: [VRFC 10-311] analyzing module sc_util_v1_0_4_counter__parameterized0_243
INFO: [VRFC 10-311] analyzing module sc_util_v1_0_4_counter__parameterized0_244
INFO: [VRFC 10-311] analyzing module sc_util_v1_0_4_counter__parameterized0_248
INFO: [VRFC 10-311] analyzing module sc_util_v1_0_4_counter__parameterized0_249
INFO: [VRFC 10-311] analyzing module sc_util_v1_0_4_counter__parameterized0_251
INFO: [VRFC 10-311] analyzing module sc_util_v1_0_4_counter__parameterized0_252
INFO: [VRFC 10-311] analyzing module sc_util_v1_0_4_counter__parameterized0_28
INFO: [VRFC 10-311] analyzing module sc_util_v1_0_4_counter__parameterized0_29
INFO: [VRFC 10-311] analyzing module sc_util_v1_0_4_counter__parameterized0_31
INFO: [VRFC 10-311] analyzing module sc_util_v1_0_4_counter__parameterized0_32
INFO: [VRFC 10-311] analyzing module sc_util_v1_0_4_counter__parameterized0_35
INFO: [VRFC 10-311] analyzing module sc_util_v1_0_4_counter__parameterized0_36
INFO: [VRFC 10-311] analyzing module sc_util_v1_0_4_counter__parameterized0_38
INFO: [VRFC 10-311] analyzing module sc_util_v1_0_4_counter__parameterized0_39
INFO: [VRFC 10-311] analyzing module sc_util_v1_0_4_counter__parameterized0_42
INFO: [VRFC 10-311] analyzing module sc_util_v1_0_4_counter__parameterized0_43
INFO: [VRFC 10-311] analyzing module sc_util_v1_0_4_counter__parameterized0_45
INFO: [VRFC 10-311] analyzing module sc_util_v1_0_4_counter__parameterized0_46
INFO: [VRFC 10-311] analyzing module sc_util_v1_0_4_counter__parameterized0_650
INFO: [VRFC 10-311] analyzing module sc_util_v1_0_4_counter__parameterized0_651
INFO: [VRFC 10-311] analyzing module sc_util_v1_0_4_counter__parameterized0_653
INFO: [VRFC 10-311] analyzing module sc_util_v1_0_4_counter__parameterized0_654
INFO: [VRFC 10-311] analyzing module sc_util_v1_0_4_counter__parameterized0_656
INFO: [VRFC 10-311] analyzing module sc_util_v1_0_4_counter__parameterized0_657
INFO: [VRFC 10-311] analyzing module sc_util_v1_0_4_counter__parameterized0_659
INFO: [VRFC 10-311] analyzing module sc_util_v1_0_4_counter__parameterized0_660
INFO: [VRFC 10-311] analyzing module sc_util_v1_0_4_counter__parameterized0_663
INFO: [VRFC 10-311] analyzing module sc_util_v1_0_4_counter__parameterized0_664
INFO: [VRFC 10-311] analyzing module sc_util_v1_0_4_counter__parameterized0_666
INFO: [VRFC 10-311] analyzing module sc_util_v1_0_4_counter__parameterized0_667
INFO: [VRFC 10-311] analyzing module sc_util_v1_0_4_counter__parameterized0_675
INFO: [VRFC 10-311] analyzing module sc_util_v1_0_4_counter__parameterized0_676
INFO: [VRFC 10-311] analyzing module sc_util_v1_0_4_counter__parameterized0_678
INFO: [VRFC 10-311] analyzing module sc_util_v1_0_4_counter__parameterized0_679
INFO: [VRFC 10-311] analyzing module sc_util_v1_0_4_counter__parameterized0_685
INFO: [VRFC 10-311] analyzing module sc_util_v1_0_4_counter__parameterized0_686
INFO: [VRFC 10-311] analyzing module sc_util_v1_0_4_counter__parameterized0_688
INFO: [VRFC 10-311] analyzing module sc_util_v1_0_4_counter__parameterized0_689
INFO: [VRFC 10-311] analyzing module sc_util_v1_0_4_counter__parameterized0_711
INFO: [VRFC 10-311] analyzing module sc_util_v1_0_4_counter__parameterized0_712
INFO: [VRFC 10-311] analyzing module sc_util_v1_0_4_counter__parameterized0_714
INFO: [VRFC 10-311] analyzing module sc_util_v1_0_4_counter__parameterized0_715
INFO: [VRFC 10-311] analyzing module sc_util_v1_0_4_counter__parameterized0_719
INFO: [VRFC 10-311] analyzing module sc_util_v1_0_4_counter__parameterized0_720
INFO: [VRFC 10-311] analyzing module sc_util_v1_0_4_counter__parameterized0_722
INFO: [VRFC 10-311] analyzing module sc_util_v1_0_4_counter__parameterized0_723
INFO: [VRFC 10-311] analyzing module sc_util_v1_0_4_counter__parameterized0_727
INFO: [VRFC 10-311] analyzing module sc_util_v1_0_4_counter__parameterized0_728
INFO: [VRFC 10-311] analyzing module sc_util_v1_0_4_counter__parameterized0_730
INFO: [VRFC 10-311] analyzing module sc_util_v1_0_4_counter__parameterized0_731
INFO: [VRFC 10-311] analyzing module sc_util_v1_0_4_counter__parameterized0_742
INFO: [VRFC 10-311] analyzing module sc_util_v1_0_4_counter__parameterized0_743
INFO: [VRFC 10-311] analyzing module sc_util_v1_0_4_counter__parameterized0_745
INFO: [VRFC 10-311] analyzing module sc_util_v1_0_4_counter__parameterized0_746
INFO: [VRFC 10-311] analyzing module sc_util_v1_0_4_counter__parameterized0_754
INFO: [VRFC 10-311] analyzing module sc_util_v1_0_4_counter__parameterized0_755
INFO: [VRFC 10-311] analyzing module sc_util_v1_0_4_counter__parameterized0_757
INFO: [VRFC 10-311] analyzing module sc_util_v1_0_4_counter__parameterized0_758
INFO: [VRFC 10-311] analyzing module sc_util_v1_0_4_counter__parameterized1
INFO: [VRFC 10-311] analyzing module sc_util_v1_0_4_counter__parameterized1_15
INFO: [VRFC 10-311] analyzing module sc_util_v1_0_4_counter__parameterized1_19
INFO: [VRFC 10-311] analyzing module sc_util_v1_0_4_counter__parameterized1_208
INFO: [VRFC 10-311] analyzing module sc_util_v1_0_4_counter__parameterized1_211
INFO: [VRFC 10-311] analyzing module sc_util_v1_0_4_counter__parameterized1_22
INFO: [VRFC 10-311] analyzing module sc_util_v1_0_4_counter__parameterized1_221
INFO: [VRFC 10-311] analyzing module sc_util_v1_0_4_counter__parameterized1_224
INFO: [VRFC 10-311] analyzing module sc_util_v1_0_4_counter__parameterized1_234
INFO: [VRFC 10-311] analyzing module sc_util_v1_0_4_counter__parameterized1_237
INFO: [VRFC 10-311] analyzing module sc_util_v1_0_4_counter__parameterized1_242
INFO: [VRFC 10-311] analyzing module sc_util_v1_0_4_counter__parameterized1_245
INFO: [VRFC 10-311] analyzing module sc_util_v1_0_4_counter__parameterized1_250
INFO: [VRFC 10-311] analyzing module sc_util_v1_0_4_counter__parameterized1_253
INFO: [VRFC 10-311] analyzing module sc_util_v1_0_4_counter__parameterized1_30
INFO: [VRFC 10-311] analyzing module sc_util_v1_0_4_counter__parameterized1_33
INFO: [VRFC 10-311] analyzing module sc_util_v1_0_4_counter__parameterized1_37
INFO: [VRFC 10-311] analyzing module sc_util_v1_0_4_counter__parameterized1_40
INFO: [VRFC 10-311] analyzing module sc_util_v1_0_4_counter__parameterized1_44
INFO: [VRFC 10-311] analyzing module sc_util_v1_0_4_counter__parameterized1_47
INFO: [VRFC 10-311] analyzing module sc_util_v1_0_4_counter__parameterized1_652
INFO: [VRFC 10-311] analyzing module sc_util_v1_0_4_counter__parameterized1_655
INFO: [VRFC 10-311] analyzing module sc_util_v1_0_4_counter__parameterized1_658
INFO: [VRFC 10-311] analyzing module sc_util_v1_0_4_counter__parameterized1_661
INFO: [VRFC 10-311] analyzing module sc_util_v1_0_4_counter__parameterized1_665
INFO: [VRFC 10-311] analyzing module sc_util_v1_0_4_counter__parameterized1_668
INFO: [VRFC 10-311] analyzing module sc_util_v1_0_4_counter__parameterized1_677
INFO: [VRFC 10-311] analyzing module sc_util_v1_0_4_counter__parameterized1_680
INFO: [VRFC 10-311] analyzing module sc_util_v1_0_4_counter__parameterized1_687
INFO: [VRFC 10-311] analyzing module sc_util_v1_0_4_counter__parameterized1_690
INFO: [VRFC 10-311] analyzing module sc_util_v1_0_4_counter__parameterized1_713
INFO: [VRFC 10-311] analyzing module sc_util_v1_0_4_counter__parameterized1_716
INFO: [VRFC 10-311] analyzing module sc_util_v1_0_4_counter__parameterized1_721
INFO: [VRFC 10-311] analyzing module sc_util_v1_0_4_counter__parameterized1_724
INFO: [VRFC 10-311] analyzing module sc_util_v1_0_4_counter__parameterized1_729
INFO: [VRFC 10-311] analyzing module sc_util_v1_0_4_counter__parameterized1_732
INFO: [VRFC 10-311] analyzing module sc_util_v1_0_4_counter__parameterized1_744
INFO: [VRFC 10-311] analyzing module sc_util_v1_0_4_counter__parameterized1_747
INFO: [VRFC 10-311] analyzing module sc_util_v1_0_4_counter__parameterized1_756
INFO: [VRFC 10-311] analyzing module sc_util_v1_0_4_counter__parameterized1_759
INFO: [VRFC 10-311] analyzing module sc_util_v1_0_4_counter__parameterized3
INFO: [VRFC 10-311] analyzing module sc_util_v1_0_4_counter__parameterized3_645
INFO: [VRFC 10-311] analyzing module sc_util_v1_0_4_counter__parameterized3_646
INFO: [VRFC 10-311] analyzing module sc_util_v1_0_4_counter__parameterized3_647
INFO: [VRFC 10-311] analyzing module sc_util_v1_0_4_counter__parameterized3_703
INFO: [VRFC 10-311] analyzing module sc_util_v1_0_4_counter__parameterized3_704
INFO: [VRFC 10-311] analyzing module sc_util_v1_0_4_counter__parameterized3_706
INFO: [VRFC 10-311] analyzing module sc_util_v1_0_4_counter__parameterized3_707
INFO: [VRFC 10-311] analyzing module sc_util_v1_0_4_counter__parameterized4
INFO: [VRFC 10-311] analyzing module sc_util_v1_0_4_counter__parameterized4_648
INFO: [VRFC 10-311] analyzing module sc_util_v1_0_4_counter__parameterized4_705
INFO: [VRFC 10-311] analyzing module sc_util_v1_0_4_counter__parameterized4_708
INFO: [VRFC 10-311] analyzing module sc_util_v1_0_4_mux
INFO: [VRFC 10-311] analyzing module sc_util_v1_0_4_mux_10
INFO: [VRFC 10-311] analyzing module sc_util_v1_0_4_mux_6
INFO: [VRFC 10-311] analyzing module sc_util_v1_0_4_mux_8
INFO: [VRFC 10-311] analyzing module sc_util_v1_0_4_mux__parameterized0
INFO: [VRFC 10-311] analyzing module sc_util_v1_0_4_mux__parameterized0_4
INFO: [VRFC 10-311] analyzing module sc_util_v1_0_4_mux__parameterized1
INFO: [VRFC 10-311] analyzing module sc_util_v1_0_4_mux__parameterized1_2
INFO: [VRFC 10-311] analyzing module sc_util_v1_0_4_mux__parameterized2
INFO: [VRFC 10-311] analyzing module sc_util_v1_0_4_mux__parameterized2_0
INFO: [VRFC 10-311] analyzing module sc_util_v1_0_4_onehot_to_binary__parameterized1
INFO: [VRFC 10-311] analyzing module sc_util_v1_0_4_onehot_to_binary__parameterized1_259
INFO: [VRFC 10-311] analyzing module sc_util_v1_0_4_pipeline__parameterized10
INFO: [VRFC 10-311] analyzing module sc_util_v1_0_4_pipeline__parameterized10_11
INFO: [VRFC 10-311] analyzing module sc_util_v1_0_4_pipeline__parameterized10_7
INFO: [VRFC 10-311] analyzing module sc_util_v1_0_4_pipeline__parameterized10_9
INFO: [VRFC 10-311] analyzing module sc_util_v1_0_4_pipeline__parameterized11
INFO: [VRFC 10-311] analyzing module sc_util_v1_0_4_pipeline__parameterized11_5
INFO: [VRFC 10-311] analyzing module sc_util_v1_0_4_pipeline__parameterized12
INFO: [VRFC 10-311] analyzing module sc_util_v1_0_4_pipeline__parameterized12_3
INFO: [VRFC 10-311] analyzing module sc_util_v1_0_4_pipeline__parameterized13
INFO: [VRFC 10-311] analyzing module sc_util_v1_0_4_pipeline__parameterized13_1
INFO: [VRFC 10-311] analyzing module sc_util_v1_0_4_pipeline__parameterized3
INFO: [VRFC 10-311] analyzing module sc_util_v1_0_4_pipeline__parameterized3_218
INFO: [VRFC 10-311] analyzing module sc_util_v1_0_4_pipeline__parameterized3_231
INFO: [VRFC 10-311] analyzing module sc_util_v1_0_4_pipeline__parameterized3_27
INFO: [VRFC 10-311] analyzing module sc_util_v1_0_4_pipeline__parameterized3_644
INFO: [VRFC 10-311] analyzing module sc_util_v1_0_4_pipeline__parameterized3_649
INFO: [VRFC 10-311] analyzing module sc_util_v1_0_4_pipeline__parameterized3_674
INFO: [VRFC 10-311] analyzing module sc_util_v1_0_4_pipeline__parameterized3_684
INFO: [VRFC 10-311] analyzing module sc_util_v1_0_4_pipeline__parameterized3_702
INFO: [VRFC 10-311] analyzing module sc_util_v1_0_4_pipeline__parameterized3_710
INFO: [VRFC 10-311] analyzing module sc_util_v1_0_4_pipeline__parameterized3_741
INFO: [VRFC 10-311] analyzing module sc_util_v1_0_4_pipeline__parameterized3_753
INFO: [VRFC 10-311] analyzing module sc_util_v1_0_4_pipeline__parameterized9
INFO: [VRFC 10-311] analyzing module sc_util_v1_0_4_pipeline__parameterized9_217
INFO: [VRFC 10-311] analyzing module sc_util_v1_0_4_pipeline__parameterized9_230
INFO: [VRFC 10-311] analyzing module sc_util_v1_0_4_pipeline__parameterized9_26
INFO: [VRFC 10-311] analyzing module sc_util_v1_0_4_srl_rtl
INFO: [VRFC 10-311] analyzing module sc_util_v1_0_4_srl_rtl_118
INFO: [VRFC 10-311] analyzing module sc_util_v1_0_4_srl_rtl_119
INFO: [VRFC 10-311] analyzing module sc_util_v1_0_4_srl_rtl_120
INFO: [VRFC 10-311] analyzing module sc_util_v1_0_4_srl_rtl_121
INFO: [VRFC 10-311] analyzing module sc_util_v1_0_4_srl_rtl_122
INFO: [VRFC 10-311] analyzing module sc_util_v1_0_4_srl_rtl_123
INFO: [VRFC 10-311] analyzing module sc_util_v1_0_4_srl_rtl_124
INFO: [VRFC 10-311] analyzing module sc_util_v1_0_4_srl_rtl_125
INFO: [VRFC 10-311] analyzing module sc_util_v1_0_4_srl_rtl_126
INFO: [VRFC 10-311] analyzing module sc_util_v1_0_4_srl_rtl_127
INFO: [VRFC 10-311] analyzing module sc_util_v1_0_4_srl_rtl_128
INFO: [VRFC 10-311] analyzing module sc_util_v1_0_4_srl_rtl_129
INFO: [VRFC 10-311] analyzing module sc_util_v1_0_4_srl_rtl_130
INFO: [VRFC 10-311] analyzing module sc_util_v1_0_4_srl_rtl_131
INFO: [VRFC 10-311] analyzing module sc_util_v1_0_4_srl_rtl_132
INFO: [VRFC 10-311] analyzing module sc_util_v1_0_4_srl_rtl_133
INFO: [VRFC 10-311] analyzing module sc_util_v1_0_4_srl_rtl_134
INFO: [VRFC 10-311] analyzing module sc_util_v1_0_4_srl_rtl_135
INFO: [VRFC 10-311] analyzing module sc_util_v1_0_4_srl_rtl_136
INFO: [VRFC 10-311] analyzing module sc_util_v1_0_4_srl_rtl_137
INFO: [VRFC 10-311] analyzing module sc_util_v1_0_4_srl_rtl_173
INFO: [VRFC 10-311] analyzing module sc_util_v1_0_4_srl_rtl_174
INFO: [VRFC 10-311] analyzing module sc_util_v1_0_4_srl_rtl_175
INFO: [VRFC 10-311] analyzing module sc_util_v1_0_4_srl_rtl_176
INFO: [VRFC 10-311] analyzing module sc_util_v1_0_4_srl_rtl_177
INFO: [VRFC 10-311] analyzing module sc_util_v1_0_4_srl_rtl_178
INFO: [VRFC 10-311] analyzing module sc_util_v1_0_4_srl_rtl_179
INFO: [VRFC 10-311] analyzing module sc_util_v1_0_4_srl_rtl_180
INFO: [VRFC 10-311] analyzing module sc_util_v1_0_4_srl_rtl_181
INFO: [VRFC 10-311] analyzing module sc_util_v1_0_4_srl_rtl_182
INFO: [VRFC 10-311] analyzing module sc_util_v1_0_4_srl_rtl_183
INFO: [VRFC 10-311] analyzing module sc_util_v1_0_4_srl_rtl_184
INFO: [VRFC 10-311] analyzing module sc_util_v1_0_4_srl_rtl_185
INFO: [VRFC 10-311] analyzing module sc_util_v1_0_4_srl_rtl_186
INFO: [VRFC 10-311] analyzing module sc_util_v1_0_4_srl_rtl_187
INFO: [VRFC 10-311] analyzing module sc_util_v1_0_4_srl_rtl_188
INFO: [VRFC 10-311] analyzing module sc_util_v1_0_4_srl_rtl_189
INFO: [VRFC 10-311] analyzing module sc_util_v1_0_4_srl_rtl_190
INFO: [VRFC 10-311] analyzing module sc_util_v1_0_4_srl_rtl_191
INFO: [VRFC 10-311] analyzing module sc_util_v1_0_4_srl_rtl_192
INFO: [VRFC 10-311] analyzing module sc_util_v1_0_4_srl_rtl_193
INFO: [VRFC 10-311] analyzing module sc_util_v1_0_4_srl_rtl_194
INFO: [VRFC 10-311] analyzing module sc_util_v1_0_4_srl_rtl_195
INFO: [VRFC 10-311] analyzing module sc_util_v1_0_4_srl_rtl_203
INFO: [VRFC 10-311] analyzing module sc_util_v1_0_4_srl_rtl_267
INFO: [VRFC 10-311] analyzing module sc_util_v1_0_4_srl_rtl_268
INFO: [VRFC 10-311] analyzing module sc_util_v1_0_4_srl_rtl_269
INFO: [VRFC 10-311] analyzing module sc_util_v1_0_4_srl_rtl_270
INFO: [VRFC 10-311] analyzing module sc_util_v1_0_4_srl_rtl_271
INFO: [VRFC 10-311] analyzing module sc_util_v1_0_4_srl_rtl_272
INFO: [VRFC 10-311] analyzing module sc_util_v1_0_4_srl_rtl_273
INFO: [VRFC 10-311] analyzing module sc_util_v1_0_4_srl_rtl_324
INFO: [VRFC 10-311] analyzing module sc_util_v1_0_4_srl_rtl_325
INFO: [VRFC 10-311] analyzing module sc_util_v1_0_4_srl_rtl_326
INFO: [VRFC 10-311] analyzing module sc_util_v1_0_4_srl_rtl_327
INFO: [VRFC 10-311] analyzing module sc_util_v1_0_4_srl_rtl_328
INFO: [VRFC 10-311] analyzing module sc_util_v1_0_4_srl_rtl_329
INFO: [VRFC 10-311] analyzing module sc_util_v1_0_4_srl_rtl_330
INFO: [VRFC 10-311] analyzing module sc_util_v1_0_4_srl_rtl_331
INFO: [VRFC 10-311] analyzing module sc_util_v1_0_4_srl_rtl_332
INFO: [VRFC 10-311] analyzing module sc_util_v1_0_4_srl_rtl_333
INFO: [VRFC 10-311] analyzing module sc_util_v1_0_4_srl_rtl_334
INFO: [VRFC 10-311] analyzing module sc_util_v1_0_4_srl_rtl_335
INFO: [VRFC 10-311] analyzing module sc_util_v1_0_4_srl_rtl_336
INFO: [VRFC 10-311] analyzing module sc_util_v1_0_4_srl_rtl_337
INFO: [VRFC 10-311] analyzing module sc_util_v1_0_4_srl_rtl_338
INFO: [VRFC 10-311] analyzing module sc_util_v1_0_4_srl_rtl_339
INFO: [VRFC 10-311] analyzing module sc_util_v1_0_4_srl_rtl_340
INFO: [VRFC 10-311] analyzing module sc_util_v1_0_4_srl_rtl_341
INFO: [VRFC 10-311] analyzing module sc_util_v1_0_4_srl_rtl_342
INFO: [VRFC 10-311] analyzing module sc_util_v1_0_4_srl_rtl_343
INFO: [VRFC 10-311] analyzing module sc_util_v1_0_4_srl_rtl_344
INFO: [VRFC 10-311] analyzing module sc_util_v1_0_4_srl_rtl_345
INFO: [VRFC 10-311] analyzing module sc_util_v1_0_4_srl_rtl_346
INFO: [VRFC 10-311] analyzing module sc_util_v1_0_4_srl_rtl_347
INFO: [VRFC 10-311] analyzing module sc_util_v1_0_4_srl_rtl_348
INFO: [VRFC 10-311] analyzing module sc_util_v1_0_4_srl_rtl_349
INFO: [VRFC 10-311] analyzing module sc_util_v1_0_4_srl_rtl_350
INFO: [VRFC 10-311] analyzing module sc_util_v1_0_4_srl_rtl_351
INFO: [VRFC 10-311] analyzing module sc_util_v1_0_4_srl_rtl_389
INFO: [VRFC 10-311] analyzing module sc_util_v1_0_4_srl_rtl_390
INFO: [VRFC 10-311] analyzing module sc_util_v1_0_4_srl_rtl_391
INFO: [VRFC 10-311] analyzing module sc_util_v1_0_4_srl_rtl_392
INFO: [VRFC 10-311] analyzing module sc_util_v1_0_4_srl_rtl_393
INFO: [VRFC 10-311] analyzing module sc_util_v1_0_4_srl_rtl_394
INFO: [VRFC 10-311] analyzing module sc_util_v1_0_4_srl_rtl_395
INFO: [VRFC 10-311] analyzing module sc_util_v1_0_4_srl_rtl_396
INFO: [VRFC 10-311] analyzing module sc_util_v1_0_4_srl_rtl_397
INFO: [VRFC 10-311] analyzing module sc_util_v1_0_4_srl_rtl_398
INFO: [VRFC 10-311] analyzing module sc_util_v1_0_4_srl_rtl_399
INFO: [VRFC 10-311] analyzing module sc_util_v1_0_4_srl_rtl_400
INFO: [VRFC 10-311] analyzing module sc_util_v1_0_4_srl_rtl_401
INFO: [VRFC 10-311] analyzing module sc_util_v1_0_4_srl_rtl_402
INFO: [VRFC 10-311] analyzing module sc_util_v1_0_4_srl_rtl_403
INFO: [VRFC 10-311] analyzing module sc_util_v1_0_4_srl_rtl_404
INFO: [VRFC 10-311] analyzing module sc_util_v1_0_4_srl_rtl_405
INFO: [VRFC 10-311] analyzing module sc_util_v1_0_4_srl_rtl_406
INFO: [VRFC 10-311] analyzing module sc_util_v1_0_4_srl_rtl_407
INFO: [VRFC 10-311] analyzing module sc_util_v1_0_4_srl_rtl_408
INFO: [VRFC 10-311] analyzing module sc_util_v1_0_4_srl_rtl_409
INFO: [VRFC 10-311] analyzing module sc_util_v1_0_4_srl_rtl_410
INFO: [VRFC 10-311] analyzing module sc_util_v1_0_4_srl_rtl_411
INFO: [VRFC 10-311] analyzing module sc_util_v1_0_4_srl_rtl_412
INFO: [VRFC 10-311] analyzing module sc_util_v1_0_4_srl_rtl_413
INFO: [VRFC 10-311] analyzing module sc_util_v1_0_4_srl_rtl_414
INFO: [VRFC 10-311] analyzing module sc_util_v1_0_4_srl_rtl_415
INFO: [VRFC 10-311] analyzing module sc_util_v1_0_4_srl_rtl_416
INFO: [VRFC 10-311] analyzing module sc_util_v1_0_4_srl_rtl_417
INFO: [VRFC 10-311] analyzing module sc_util_v1_0_4_srl_rtl_418
INFO: [VRFC 10-311] analyzing module sc_util_v1_0_4_srl_rtl_419
INFO: [VRFC 10-311] analyzing module sc_util_v1_0_4_srl_rtl_420
INFO: [VRFC 10-311] analyzing module sc_util_v1_0_4_srl_rtl_421
INFO: [VRFC 10-311] analyzing module sc_util_v1_0_4_srl_rtl_459
INFO: [VRFC 10-311] analyzing module sc_util_v1_0_4_srl_rtl_460
INFO: [VRFC 10-311] analyzing module sc_util_v1_0_4_srl_rtl_461
INFO: [VRFC 10-311] analyzing module sc_util_v1_0_4_srl_rtl_462
INFO: [VRFC 10-311] analyzing module sc_util_v1_0_4_srl_rtl_463
INFO: [VRFC 10-311] analyzing module sc_util_v1_0_4_srl_rtl_464
INFO: [VRFC 10-311] analyzing module sc_util_v1_0_4_srl_rtl_465
INFO: [VRFC 10-311] analyzing module sc_util_v1_0_4_srl_rtl_466
INFO: [VRFC 10-311] analyzing module sc_util_v1_0_4_srl_rtl_467
INFO: [VRFC 10-311] analyzing module sc_util_v1_0_4_srl_rtl_468
INFO: [VRFC 10-311] analyzing module sc_util_v1_0_4_srl_rtl_469
INFO: [VRFC 10-311] analyzing module sc_util_v1_0_4_srl_rtl_470
INFO: [VRFC 10-311] analyzing module sc_util_v1_0_4_srl_rtl_471
INFO: [VRFC 10-311] analyzing module sc_util_v1_0_4_srl_rtl_472
INFO: [VRFC 10-311] analyzing module sc_util_v1_0_4_srl_rtl_473
INFO: [VRFC 10-311] analyzing module sc_util_v1_0_4_srl_rtl_474
INFO: [VRFC 10-311] analyzing module sc_util_v1_0_4_srl_rtl_475
INFO: [VRFC 10-311] analyzing module sc_util_v1_0_4_srl_rtl_476
INFO: [VRFC 10-311] analyzing module sc_util_v1_0_4_srl_rtl_477
INFO: [VRFC 10-311] analyzing module sc_util_v1_0_4_srl_rtl_478
INFO: [VRFC 10-311] analyzing module sc_util_v1_0_4_srl_rtl_479
INFO: [VRFC 10-311] analyzing module sc_util_v1_0_4_srl_rtl_480
INFO: [VRFC 10-311] analyzing module sc_util_v1_0_4_srl_rtl_481
INFO: [VRFC 10-311] analyzing module sc_util_v1_0_4_srl_rtl_482
INFO: [VRFC 10-311] analyzing module sc_util_v1_0_4_srl_rtl_483
INFO: [VRFC 10-311] analyzing module sc_util_v1_0_4_srl_rtl_484
INFO: [VRFC 10-311] analyzing module sc_util_v1_0_4_srl_rtl_485
INFO: [VRFC 10-311] analyzing module sc_util_v1_0_4_srl_rtl_486
INFO: [VRFC 10-311] analyzing module sc_util_v1_0_4_srl_rtl_487
INFO: [VRFC 10-311] analyzing module sc_util_v1_0_4_srl_rtl_488
INFO: [VRFC 10-311] analyzing module sc_util_v1_0_4_srl_rtl_489
INFO: [VRFC 10-311] analyzing module sc_util_v1_0_4_srl_rtl_49
INFO: [VRFC 10-311] analyzing module sc_util_v1_0_4_srl_rtl_490
INFO: [VRFC 10-311] analyzing module sc_util_v1_0_4_srl_rtl_491
INFO: [VRFC 10-311] analyzing module sc_util_v1_0_4_srl_rtl_50
INFO: [VRFC 10-311] analyzing module sc_util_v1_0_4_srl_rtl_51
INFO: [VRFC 10-311] analyzing module sc_util_v1_0_4_srl_rtl_52
INFO: [VRFC 10-311] analyzing module sc_util_v1_0_4_srl_rtl_529
INFO: [VRFC 10-311] analyzing module sc_util_v1_0_4_srl_rtl_53
INFO: [VRFC 10-311] analyzing module sc_util_v1_0_4_srl_rtl_530
INFO: [VRFC 10-311] analyzing module sc_util_v1_0_4_srl_rtl_531
INFO: [VRFC 10-311] analyzing module sc_util_v1_0_4_srl_rtl_532
INFO: [VRFC 10-311] analyzing module sc_util_v1_0_4_srl_rtl_533
INFO: [VRFC 10-311] analyzing module sc_util_v1_0_4_srl_rtl_534
INFO: [VRFC 10-311] analyzing module sc_util_v1_0_4_srl_rtl_535
INFO: [VRFC 10-311] analyzing module sc_util_v1_0_4_srl_rtl_536
INFO: [VRFC 10-311] analyzing module sc_util_v1_0_4_srl_rtl_537
INFO: [VRFC 10-311] analyzing module sc_util_v1_0_4_srl_rtl_538
INFO: [VRFC 10-311] analyzing module sc_util_v1_0_4_srl_rtl_539
INFO: [VRFC 10-311] analyzing module sc_util_v1_0_4_srl_rtl_54
INFO: [VRFC 10-311] analyzing module sc_util_v1_0_4_srl_rtl_540
INFO: [VRFC 10-311] analyzing module sc_util_v1_0_4_srl_rtl_541
INFO: [VRFC 10-311] analyzing module sc_util_v1_0_4_srl_rtl_542
INFO: [VRFC 10-311] analyzing module sc_util_v1_0_4_srl_rtl_543
INFO: [VRFC 10-311] analyzing module sc_util_v1_0_4_srl_rtl_544
INFO: [VRFC 10-311] analyzing module sc_util_v1_0_4_srl_rtl_545
INFO: [VRFC 10-311] analyzing module sc_util_v1_0_4_srl_rtl_546
INFO: [VRFC 10-311] analyzing module sc_util_v1_0_4_srl_rtl_547
INFO: [VRFC 10-311] analyzing module sc_util_v1_0_4_srl_rtl_548
INFO: [VRFC 10-311] analyzing module sc_util_v1_0_4_srl_rtl_549
INFO: [VRFC 10-311] analyzing module sc_util_v1_0_4_srl_rtl_55
INFO: [VRFC 10-311] analyzing module sc_util_v1_0_4_srl_rtl_550
INFO: [VRFC 10-311] analyzing module sc_util_v1_0_4_srl_rtl_551
INFO: [VRFC 10-311] analyzing module sc_util_v1_0_4_srl_rtl_552
INFO: [VRFC 10-311] analyzing module sc_util_v1_0_4_srl_rtl_553
INFO: [VRFC 10-311] analyzing module sc_util_v1_0_4_srl_rtl_554
INFO: [VRFC 10-311] analyzing module sc_util_v1_0_4_srl_rtl_555
INFO: [VRFC 10-311] analyzing module sc_util_v1_0_4_srl_rtl_556
INFO: [VRFC 10-311] analyzing module sc_util_v1_0_4_srl_rtl_557
INFO: [VRFC 10-311] analyzing module sc_util_v1_0_4_srl_rtl_558
INFO: [VRFC 10-311] analyzing module sc_util_v1_0_4_srl_rtl_559
INFO: [VRFC 10-311] analyzing module sc_util_v1_0_4_srl_rtl_56
INFO: [VRFC 10-311] analyzing module sc_util_v1_0_4_srl_rtl_560
INFO: [VRFC 10-311] analyzing module sc_util_v1_0_4_srl_rtl_561
INFO: [VRFC 10-311] analyzing module sc_util_v1_0_4_srl_rtl_57
INFO: [VRFC 10-311] analyzing module sc_util_v1_0_4_srl_rtl_58
INFO: [VRFC 10-311] analyzing module sc_util_v1_0_4_srl_rtl_59
INFO: [VRFC 10-311] analyzing module sc_util_v1_0_4_srl_rtl_599
INFO: [VRFC 10-311] analyzing module sc_util_v1_0_4_srl_rtl_600
INFO: [VRFC 10-311] analyzing module sc_util_v1_0_4_srl_rtl_601
INFO: [VRFC 10-311] analyzing module sc_util_v1_0_4_srl_rtl_602
INFO: [VRFC 10-311] analyzing module sc_util_v1_0_4_srl_rtl_603
INFO: [VRFC 10-311] analyzing module sc_util_v1_0_4_srl_rtl_604
INFO: [VRFC 10-311] analyzing module sc_util_v1_0_4_srl_rtl_605
INFO: [VRFC 10-311] analyzing module sc_util_v1_0_4_srl_rtl_606
INFO: [VRFC 10-311] analyzing module sc_util_v1_0_4_srl_rtl_607
INFO: [VRFC 10-311] analyzing module sc_util_v1_0_4_srl_rtl_608
INFO: [VRFC 10-311] analyzing module sc_util_v1_0_4_srl_rtl_609
INFO: [VRFC 10-311] analyzing module sc_util_v1_0_4_srl_rtl_61
INFO: [VRFC 10-311] analyzing module sc_util_v1_0_4_srl_rtl_610
INFO: [VRFC 10-311] analyzing module sc_util_v1_0_4_srl_rtl_611
INFO: [VRFC 10-311] analyzing module sc_util_v1_0_4_srl_rtl_612
INFO: [VRFC 10-311] analyzing module sc_util_v1_0_4_srl_rtl_613
INFO: [VRFC 10-311] analyzing module sc_util_v1_0_4_srl_rtl_614
INFO: [VRFC 10-311] analyzing module sc_util_v1_0_4_srl_rtl_615
INFO: [VRFC 10-311] analyzing module sc_util_v1_0_4_srl_rtl_616
INFO: [VRFC 10-311] analyzing module sc_util_v1_0_4_srl_rtl_617
INFO: [VRFC 10-311] analyzing module sc_util_v1_0_4_srl_rtl_618
INFO: [VRFC 10-311] analyzing module sc_util_v1_0_4_srl_rtl_619
INFO: [VRFC 10-311] analyzing module sc_util_v1_0_4_srl_rtl_62
INFO: [VRFC 10-311] analyzing module sc_util_v1_0_4_srl_rtl_620
INFO: [VRFC 10-311] analyzing module sc_util_v1_0_4_srl_rtl_621
INFO: [VRFC 10-311] analyzing module sc_util_v1_0_4_srl_rtl_622
INFO: [VRFC 10-311] analyzing module sc_util_v1_0_4_srl_rtl_623
INFO: [VRFC 10-311] analyzing module sc_util_v1_0_4_srl_rtl_624
INFO: [VRFC 10-311] analyzing module sc_util_v1_0_4_srl_rtl_625
INFO: [VRFC 10-311] analyzing module sc_util_v1_0_4_srl_rtl_626
INFO: [VRFC 10-311] analyzing module sc_util_v1_0_4_srl_rtl_627
INFO: [VRFC 10-311] analyzing module sc_util_v1_0_4_srl_rtl_628
INFO: [VRFC 10-311] analyzing module sc_util_v1_0_4_srl_rtl_629
INFO: [VRFC 10-311] analyzing module sc_util_v1_0_4_srl_rtl_63
INFO: [VRFC 10-311] analyzing module sc_util_v1_0_4_srl_rtl_630
INFO: [VRFC 10-311] analyzing module sc_util_v1_0_4_srl_rtl_631
INFO: [VRFC 10-311] analyzing module sc_util_v1_0_4_srl_rtl_64
INFO: [VRFC 10-311] analyzing module sc_util_v1_0_4_srl_rtl_642
INFO: [VRFC 10-311] analyzing module sc_util_v1_0_4_srl_rtl_643
INFO: [VRFC 10-311] analyzing module sc_util_v1_0_4_srl_rtl_65
INFO: [VRFC 10-311] analyzing module sc_util_v1_0_4_srl_rtl_66
INFO: [VRFC 10-311] analyzing module sc_util_v1_0_4_srl_rtl_67
INFO: [VRFC 10-311] analyzing module sc_util_v1_0_4_srl_rtl_672
INFO: [VRFC 10-311] analyzing module sc_util_v1_0_4_srl_rtl_673
INFO: [VRFC 10-311] analyzing module sc_util_v1_0_4_srl_rtl_68
INFO: [VRFC 10-311] analyzing module sc_util_v1_0_4_srl_rtl_69
INFO: [VRFC 10-311] analyzing module sc_util_v1_0_4_srl_rtl_696
INFO: [VRFC 10-311] analyzing module sc_util_v1_0_4_srl_rtl_697
INFO: [VRFC 10-311] analyzing module sc_util_v1_0_4_srl_rtl_698
INFO: [VRFC 10-311] analyzing module sc_util_v1_0_4_srl_rtl_699
INFO: [VRFC 10-311] analyzing module sc_util_v1_0_4_srl_rtl_70
INFO: [VRFC 10-311] analyzing module sc_util_v1_0_4_srl_rtl_700
INFO: [VRFC 10-311] analyzing module sc_util_v1_0_4_srl_rtl_701
INFO: [VRFC 10-311] analyzing module sc_util_v1_0_4_srl_rtl_71
INFO: [VRFC 10-311] analyzing module sc_util_v1_0_4_srl_rtl_72
INFO: [VRFC 10-311] analyzing module sc_util_v1_0_4_srl_rtl_73
INFO: [VRFC 10-311] analyzing module sc_util_v1_0_4_srl_rtl_738
INFO: [VRFC 10-311] analyzing module sc_util_v1_0_4_srl_rtl_739
INFO: [VRFC 10-311] analyzing module sc_util_v1_0_4_srl_rtl_74
INFO: [VRFC 10-311] analyzing module sc_util_v1_0_4_srl_rtl_75
INFO: [VRFC 10-311] analyzing module sc_util_v1_0_4_srl_rtl_76
INFO: [VRFC 10-311] analyzing module sc_util_v1_0_4_srl_rtl_767
INFO: [VRFC 10-311] analyzing module sc_util_v1_0_4_srl_rtl_768
INFO: [VRFC 10-311] analyzing module sc_util_v1_0_4_srl_rtl_769
INFO: [VRFC 10-311] analyzing module sc_util_v1_0_4_srl_rtl_77
INFO: [VRFC 10-311] analyzing module sc_util_v1_0_4_srl_rtl_770
INFO: [VRFC 10-311] analyzing module sc_util_v1_0_4_srl_rtl_771
INFO: [VRFC 10-311] analyzing module sc_util_v1_0_4_srl_rtl_772
INFO: [VRFC 10-311] analyzing module sc_util_v1_0_4_srl_rtl_773
INFO: [VRFC 10-311] analyzing module sc_util_v1_0_4_srl_rtl_774
INFO: [VRFC 10-311] analyzing module sc_util_v1_0_4_srl_rtl_775
INFO: [VRFC 10-311] analyzing module sc_util_v1_0_4_srl_rtl_776
INFO: [VRFC 10-311] analyzing module sc_util_v1_0_4_srl_rtl_777
INFO: [VRFC 10-311] analyzing module sc_util_v1_0_4_srl_rtl_778
INFO: [VRFC 10-311] analyzing module sc_util_v1_0_4_srl_rtl_779
INFO: [VRFC 10-311] analyzing module sc_util_v1_0_4_srl_rtl_78
INFO: [VRFC 10-311] analyzing module sc_util_v1_0_4_srl_rtl_780
INFO: [VRFC 10-311] analyzing module sc_util_v1_0_4_srl_rtl_781
INFO: [VRFC 10-311] analyzing module sc_util_v1_0_4_srl_rtl_782
INFO: [VRFC 10-311] analyzing module sc_util_v1_0_4_srl_rtl_783
INFO: [VRFC 10-311] analyzing module sc_util_v1_0_4_srl_rtl_784
INFO: [VRFC 10-311] analyzing module sc_util_v1_0_4_srl_rtl_79
INFO: [VRFC 10-311] analyzing module sc_util_v1_0_4_srl_rtl__parameterized0
INFO: [VRFC 10-311] analyzing module sc_util_v1_0_4_srl_rtl__parameterized0_100
INFO: [VRFC 10-311] analyzing module sc_util_v1_0_4_srl_rtl__parameterized0_101
INFO: [VRFC 10-311] analyzing module sc_util_v1_0_4_srl_rtl__parameterized0_102
INFO: [VRFC 10-311] analyzing module sc_util_v1_0_4_srl_rtl__parameterized0_103
INFO: [VRFC 10-311] analyzing module sc_util_v1_0_4_srl_rtl__parameterized0_104
INFO: [VRFC 10-311] analyzing module sc_util_v1_0_4_srl_rtl__parameterized0_105
INFO: [VRFC 10-311] analyzing module sc_util_v1_0_4_srl_rtl__parameterized0_106
INFO: [VRFC 10-311] analyzing module sc_util_v1_0_4_srl_rtl__parameterized0_107
INFO: [VRFC 10-311] analyzing module sc_util_v1_0_4_srl_rtl__parameterized0_108
INFO: [VRFC 10-311] analyzing module sc_util_v1_0_4_srl_rtl__parameterized0_109
INFO: [VRFC 10-311] analyzing module sc_util_v1_0_4_srl_rtl__parameterized0_110
INFO: [VRFC 10-311] analyzing module sc_util_v1_0_4_srl_rtl__parameterized0_111
INFO: [VRFC 10-311] analyzing module sc_util_v1_0_4_srl_rtl__parameterized0_112
INFO: [VRFC 10-311] analyzing module sc_util_v1_0_4_srl_rtl__parameterized0_113
INFO: [VRFC 10-311] analyzing module sc_util_v1_0_4_srl_rtl__parameterized0_114
INFO: [VRFC 10-311] analyzing module sc_util_v1_0_4_srl_rtl__parameterized0_115
INFO: [VRFC 10-311] analyzing module sc_util_v1_0_4_srl_rtl__parameterized0_116
INFO: [VRFC 10-311] analyzing module sc_util_v1_0_4_srl_rtl__parameterized0_117
INFO: [VRFC 10-311] analyzing module sc_util_v1_0_4_srl_rtl__parameterized0_139
INFO: [VRFC 10-311] analyzing module sc_util_v1_0_4_srl_rtl__parameterized0_140
INFO: [VRFC 10-311] analyzing module sc_util_v1_0_4_srl_rtl__parameterized0_141
INFO: [VRFC 10-311] analyzing module sc_util_v1_0_4_srl_rtl__parameterized0_142
INFO: [VRFC 10-311] analyzing module sc_util_v1_0_4_srl_rtl__parameterized0_143
INFO: [VRFC 10-311] analyzing module sc_util_v1_0_4_srl_rtl__parameterized0_144
INFO: [VRFC 10-311] analyzing module sc_util_v1_0_4_srl_rtl__parameterized0_145
INFO: [VRFC 10-311] analyzing module sc_util_v1_0_4_srl_rtl__parameterized0_146
INFO: [VRFC 10-311] analyzing module sc_util_v1_0_4_srl_rtl__parameterized0_147
INFO: [VRFC 10-311] analyzing module sc_util_v1_0_4_srl_rtl__parameterized0_148
INFO: [VRFC 10-311] analyzing module sc_util_v1_0_4_srl_rtl__parameterized0_149
INFO: [VRFC 10-311] analyzing module sc_util_v1_0_4_srl_rtl__parameterized0_150
INFO: [VRFC 10-311] analyzing module sc_util_v1_0_4_srl_rtl__parameterized0_151
INFO: [VRFC 10-311] analyzing module sc_util_v1_0_4_srl_rtl__parameterized0_152
INFO: [VRFC 10-311] analyzing module sc_util_v1_0_4_srl_rtl__parameterized0_153
INFO: [VRFC 10-311] analyzing module sc_util_v1_0_4_srl_rtl__parameterized0_154
INFO: [VRFC 10-311] analyzing module sc_util_v1_0_4_srl_rtl__parameterized0_155
INFO: [VRFC 10-311] analyzing module sc_util_v1_0_4_srl_rtl__parameterized0_156
INFO: [VRFC 10-311] analyzing module sc_util_v1_0_4_srl_rtl__parameterized0_157
INFO: [VRFC 10-311] analyzing module sc_util_v1_0_4_srl_rtl__parameterized0_158
INFO: [VRFC 10-311] analyzing module sc_util_v1_0_4_srl_rtl__parameterized0_159
INFO: [VRFC 10-311] analyzing module sc_util_v1_0_4_srl_rtl__parameterized0_160
INFO: [VRFC 10-311] analyzing module sc_util_v1_0_4_srl_rtl__parameterized0_161
INFO: [VRFC 10-311] analyzing module sc_util_v1_0_4_srl_rtl__parameterized0_162
INFO: [VRFC 10-311] analyzing module sc_util_v1_0_4_srl_rtl__parameterized0_163
INFO: [VRFC 10-311] analyzing module sc_util_v1_0_4_srl_rtl__parameterized0_164
INFO: [VRFC 10-311] analyzing module sc_util_v1_0_4_srl_rtl__parameterized0_165
INFO: [VRFC 10-311] analyzing module sc_util_v1_0_4_srl_rtl__parameterized0_166
INFO: [VRFC 10-311] analyzing module sc_util_v1_0_4_srl_rtl__parameterized0_167
INFO: [VRFC 10-311] analyzing module sc_util_v1_0_4_srl_rtl__parameterized0_168
INFO: [VRFC 10-311] analyzing module sc_util_v1_0_4_srl_rtl__parameterized0_169
INFO: [VRFC 10-311] analyzing module sc_util_v1_0_4_srl_rtl__parameterized0_170
INFO: [VRFC 10-311] analyzing module sc_util_v1_0_4_srl_rtl__parameterized0_171
INFO: [VRFC 10-311] analyzing module sc_util_v1_0_4_srl_rtl__parameterized0_172
INFO: [VRFC 10-311] analyzing module sc_util_v1_0_4_srl_rtl__parameterized0_286
INFO: [VRFC 10-311] analyzing module sc_util_v1_0_4_srl_rtl__parameterized0_287
INFO: [VRFC 10-311] analyzing module sc_util_v1_0_4_srl_rtl__parameterized0_288
INFO: [VRFC 10-311] analyzing module sc_util_v1_0_4_srl_rtl__parameterized0_289
INFO: [VRFC 10-311] analyzing module sc_util_v1_0_4_srl_rtl__parameterized0_290
INFO: [VRFC 10-311] analyzing module sc_util_v1_0_4_srl_rtl__parameterized0_291
INFO: [VRFC 10-311] analyzing module sc_util_v1_0_4_srl_rtl__parameterized0_292
INFO: [VRFC 10-311] analyzing module sc_util_v1_0_4_srl_rtl__parameterized0_293
INFO: [VRFC 10-311] analyzing module sc_util_v1_0_4_srl_rtl__parameterized0_294
INFO: [VRFC 10-311] analyzing module sc_util_v1_0_4_srl_rtl__parameterized0_295
INFO: [VRFC 10-311] analyzing module sc_util_v1_0_4_srl_rtl__parameterized0_296
INFO: [VRFC 10-311] analyzing module sc_util_v1_0_4_srl_rtl__parameterized0_297
INFO: [VRFC 10-311] analyzing module sc_util_v1_0_4_srl_rtl__parameterized0_298
INFO: [VRFC 10-311] analyzing module sc_util_v1_0_4_srl_rtl__parameterized0_299
INFO: [VRFC 10-311] analyzing module sc_util_v1_0_4_srl_rtl__parameterized0_300
INFO: [VRFC 10-311] analyzing module sc_util_v1_0_4_srl_rtl__parameterized0_301
INFO: [VRFC 10-311] analyzing module sc_util_v1_0_4_srl_rtl__parameterized0_302
INFO: [VRFC 10-311] analyzing module sc_util_v1_0_4_srl_rtl__parameterized0_303
INFO: [VRFC 10-311] analyzing module sc_util_v1_0_4_srl_rtl__parameterized0_304
INFO: [VRFC 10-311] analyzing module sc_util_v1_0_4_srl_rtl__parameterized0_305
INFO: [VRFC 10-311] analyzing module sc_util_v1_0_4_srl_rtl__parameterized0_306
INFO: [VRFC 10-311] analyzing module sc_util_v1_0_4_srl_rtl__parameterized0_307
INFO: [VRFC 10-311] analyzing module sc_util_v1_0_4_srl_rtl__parameterized0_308
INFO: [VRFC 10-311] analyzing module sc_util_v1_0_4_srl_rtl__parameterized0_309
INFO: [VRFC 10-311] analyzing module sc_util_v1_0_4_srl_rtl__parameterized0_310
INFO: [VRFC 10-311] analyzing module sc_util_v1_0_4_srl_rtl__parameterized0_311
INFO: [VRFC 10-311] analyzing module sc_util_v1_0_4_srl_rtl__parameterized0_312
INFO: [VRFC 10-311] analyzing module sc_util_v1_0_4_srl_rtl__parameterized0_313
INFO: [VRFC 10-311] analyzing module sc_util_v1_0_4_srl_rtl__parameterized0_314
INFO: [VRFC 10-311] analyzing module sc_util_v1_0_4_srl_rtl__parameterized0_315
INFO: [VRFC 10-311] analyzing module sc_util_v1_0_4_srl_rtl__parameterized0_316
INFO: [VRFC 10-311] analyzing module sc_util_v1_0_4_srl_rtl__parameterized0_317
INFO: [VRFC 10-311] analyzing module sc_util_v1_0_4_srl_rtl__parameterized0_318
INFO: [VRFC 10-311] analyzing module sc_util_v1_0_4_srl_rtl__parameterized0_319
INFO: [VRFC 10-311] analyzing module sc_util_v1_0_4_srl_rtl__parameterized0_320
INFO: [VRFC 10-311] analyzing module sc_util_v1_0_4_srl_rtl__parameterized0_321
INFO: [VRFC 10-311] analyzing module sc_util_v1_0_4_srl_rtl__parameterized0_322
INFO: [VRFC 10-311] analyzing module sc_util_v1_0_4_srl_rtl__parameterized0_323
INFO: [VRFC 10-311] analyzing module sc_util_v1_0_4_srl_rtl__parameterized0_353
INFO: [VRFC 10-311] analyzing module sc_util_v1_0_4_srl_rtl__parameterized0_354
INFO: [VRFC 10-311] analyzing module sc_util_v1_0_4_srl_rtl__parameterized0_355
INFO: [VRFC 10-311] analyzing module sc_util_v1_0_4_srl_rtl__parameterized0_356
INFO: [VRFC 10-311] analyzing module sc_util_v1_0_4_srl_rtl__parameterized0_357
INFO: [VRFC 10-311] analyzing module sc_util_v1_0_4_srl_rtl__parameterized0_358
INFO: [VRFC 10-311] analyzing module sc_util_v1_0_4_srl_rtl__parameterized0_359
INFO: [VRFC 10-311] analyzing module sc_util_v1_0_4_srl_rtl__parameterized0_360
INFO: [VRFC 10-311] analyzing module sc_util_v1_0_4_srl_rtl__parameterized0_361
INFO: [VRFC 10-311] analyzing module sc_util_v1_0_4_srl_rtl__parameterized0_362
INFO: [VRFC 10-311] analyzing module sc_util_v1_0_4_srl_rtl__parameterized0_363
INFO: [VRFC 10-311] analyzing module sc_util_v1_0_4_srl_rtl__parameterized0_364
INFO: [VRFC 10-311] analyzing module sc_util_v1_0_4_srl_rtl__parameterized0_365
INFO: [VRFC 10-311] analyzing module sc_util_v1_0_4_srl_rtl__parameterized0_366
INFO: [VRFC 10-311] analyzing module sc_util_v1_0_4_srl_rtl__parameterized0_367
INFO: [VRFC 10-311] analyzing module sc_util_v1_0_4_srl_rtl__parameterized0_368
INFO: [VRFC 10-311] analyzing module sc_util_v1_0_4_srl_rtl__parameterized0_369
INFO: [VRFC 10-311] analyzing module sc_util_v1_0_4_srl_rtl__parameterized0_370
INFO: [VRFC 10-311] analyzing module sc_util_v1_0_4_srl_rtl__parameterized0_371
INFO: [VRFC 10-311] analyzing module sc_util_v1_0_4_srl_rtl__parameterized0_372
INFO: [VRFC 10-311] analyzing module sc_util_v1_0_4_srl_rtl__parameterized0_373
INFO: [VRFC 10-311] analyzing module sc_util_v1_0_4_srl_rtl__parameterized0_374
INFO: [VRFC 10-311] analyzing module sc_util_v1_0_4_srl_rtl__parameterized0_375
INFO: [VRFC 10-311] analyzing module sc_util_v1_0_4_srl_rtl__parameterized0_376
INFO: [VRFC 10-311] analyzing module sc_util_v1_0_4_srl_rtl__parameterized0_377
INFO: [VRFC 10-311] analyzing module sc_util_v1_0_4_srl_rtl__parameterized0_378
INFO: [VRFC 10-311] analyzing module sc_util_v1_0_4_srl_rtl__parameterized0_379
INFO: [VRFC 10-311] analyzing module sc_util_v1_0_4_srl_rtl__parameterized0_380
INFO: [VRFC 10-311] analyzing module sc_util_v1_0_4_srl_rtl__parameterized0_381
INFO: [VRFC 10-311] analyzing module sc_util_v1_0_4_srl_rtl__parameterized0_382
INFO: [VRFC 10-311] analyzing module sc_util_v1_0_4_srl_rtl__parameterized0_383
INFO: [VRFC 10-311] analyzing module sc_util_v1_0_4_srl_rtl__parameterized0_384
INFO: [VRFC 10-311] analyzing module sc_util_v1_0_4_srl_rtl__parameterized0_385
INFO: [VRFC 10-311] analyzing module sc_util_v1_0_4_srl_rtl__parameterized0_386
INFO: [VRFC 10-311] analyzing module sc_util_v1_0_4_srl_rtl__parameterized0_387
INFO: [VRFC 10-311] analyzing module sc_util_v1_0_4_srl_rtl__parameterized0_388
INFO: [VRFC 10-311] analyzing module sc_util_v1_0_4_srl_rtl__parameterized0_423
INFO: [VRFC 10-311] analyzing module sc_util_v1_0_4_srl_rtl__parameterized0_424
INFO: [VRFC 10-311] analyzing module sc_util_v1_0_4_srl_rtl__parameterized0_425
INFO: [VRFC 10-311] analyzing module sc_util_v1_0_4_srl_rtl__parameterized0_426
INFO: [VRFC 10-311] analyzing module sc_util_v1_0_4_srl_rtl__parameterized0_427
INFO: [VRFC 10-311] analyzing module sc_util_v1_0_4_srl_rtl__parameterized0_428
INFO: [VRFC 10-311] analyzing module sc_util_v1_0_4_srl_rtl__parameterized0_429
INFO: [VRFC 10-311] analyzing module sc_util_v1_0_4_srl_rtl__parameterized0_430
INFO: [VRFC 10-311] analyzing module sc_util_v1_0_4_srl_rtl__parameterized0_431
INFO: [VRFC 10-311] analyzing module sc_util_v1_0_4_srl_rtl__parameterized0_432
INFO: [VRFC 10-311] analyzing module sc_util_v1_0_4_srl_rtl__parameterized0_433
INFO: [VRFC 10-311] analyzing module sc_util_v1_0_4_srl_rtl__parameterized0_434
INFO: [VRFC 10-311] analyzing module sc_util_v1_0_4_srl_rtl__parameterized0_435
INFO: [VRFC 10-311] analyzing module sc_util_v1_0_4_srl_rtl__parameterized0_436
INFO: [VRFC 10-311] analyzing module sc_util_v1_0_4_srl_rtl__parameterized0_437
INFO: [VRFC 10-311] analyzing module sc_util_v1_0_4_srl_rtl__parameterized0_438
INFO: [VRFC 10-311] analyzing module sc_util_v1_0_4_srl_rtl__parameterized0_439
INFO: [VRFC 10-311] analyzing module sc_util_v1_0_4_srl_rtl__parameterized0_440
INFO: [VRFC 10-311] analyzing module sc_util_v1_0_4_srl_rtl__parameterized0_441
INFO: [VRFC 10-311] analyzing module sc_util_v1_0_4_srl_rtl__parameterized0_442
INFO: [VRFC 10-311] analyzing module sc_util_v1_0_4_srl_rtl__parameterized0_443
INFO: [VRFC 10-311] analyzing module sc_util_v1_0_4_srl_rtl__parameterized0_444
INFO: [VRFC 10-311] analyzing module sc_util_v1_0_4_srl_rtl__parameterized0_445
INFO: [VRFC 10-311] analyzing module sc_util_v1_0_4_srl_rtl__parameterized0_446
INFO: [VRFC 10-311] analyzing module sc_util_v1_0_4_srl_rtl__parameterized0_447
INFO: [VRFC 10-311] analyzing module sc_util_v1_0_4_srl_rtl__parameterized0_448
INFO: [VRFC 10-311] analyzing module sc_util_v1_0_4_srl_rtl__parameterized0_449
INFO: [VRFC 10-311] analyzing module sc_util_v1_0_4_srl_rtl__parameterized0_450
INFO: [VRFC 10-311] analyzing module sc_util_v1_0_4_srl_rtl__parameterized0_451
INFO: [VRFC 10-311] analyzing module sc_util_v1_0_4_srl_rtl__parameterized0_452
INFO: [VRFC 10-311] analyzing module sc_util_v1_0_4_srl_rtl__parameterized0_453
INFO: [VRFC 10-311] analyzing module sc_util_v1_0_4_srl_rtl__parameterized0_454
INFO: [VRFC 10-311] analyzing module sc_util_v1_0_4_srl_rtl__parameterized0_455
INFO: [VRFC 10-311] analyzing module sc_util_v1_0_4_srl_rtl__parameterized0_456
INFO: [VRFC 10-311] analyzing module sc_util_v1_0_4_srl_rtl__parameterized0_457
INFO: [VRFC 10-311] analyzing module sc_util_v1_0_4_srl_rtl__parameterized0_458
INFO: [VRFC 10-311] analyzing module sc_util_v1_0_4_srl_rtl__parameterized0_493
INFO: [VRFC 10-311] analyzing module sc_util_v1_0_4_srl_rtl__parameterized0_494
INFO: [VRFC 10-311] analyzing module sc_util_v1_0_4_srl_rtl__parameterized0_495
INFO: [VRFC 10-311] analyzing module sc_util_v1_0_4_srl_rtl__parameterized0_496
INFO: [VRFC 10-311] analyzing module sc_util_v1_0_4_srl_rtl__parameterized0_497
INFO: [VRFC 10-311] analyzing module sc_util_v1_0_4_srl_rtl__parameterized0_498
INFO: [VRFC 10-311] analyzing module sc_util_v1_0_4_srl_rtl__parameterized0_499
INFO: [VRFC 10-311] analyzing module sc_util_v1_0_4_srl_rtl__parameterized0_500
INFO: [VRFC 10-311] analyzing module sc_util_v1_0_4_srl_rtl__parameterized0_501
INFO: [VRFC 10-311] analyzing module sc_util_v1_0_4_srl_rtl__parameterized0_502
INFO: [VRFC 10-311] analyzing module sc_util_v1_0_4_srl_rtl__parameterized0_503
INFO: [VRFC 10-311] analyzing module sc_util_v1_0_4_srl_rtl__parameterized0_504
INFO: [VRFC 10-311] analyzing module sc_util_v1_0_4_srl_rtl__parameterized0_505
INFO: [VRFC 10-311] analyzing module sc_util_v1_0_4_srl_rtl__parameterized0_506
INFO: [VRFC 10-311] analyzing module sc_util_v1_0_4_srl_rtl__parameterized0_507
INFO: [VRFC 10-311] analyzing module sc_util_v1_0_4_srl_rtl__parameterized0_508
INFO: [VRFC 10-311] analyzing module sc_util_v1_0_4_srl_rtl__parameterized0_509
INFO: [VRFC 10-311] analyzing module sc_util_v1_0_4_srl_rtl__parameterized0_510
INFO: [VRFC 10-311] analyzing module sc_util_v1_0_4_srl_rtl__parameterized0_511
INFO: [VRFC 10-311] analyzing module sc_util_v1_0_4_srl_rtl__parameterized0_512
INFO: [VRFC 10-311] analyzing module sc_util_v1_0_4_srl_rtl__parameterized0_513
INFO: [VRFC 10-311] analyzing module sc_util_v1_0_4_srl_rtl__parameterized0_514
INFO: [VRFC 10-311] analyzing module sc_util_v1_0_4_srl_rtl__parameterized0_515
INFO: [VRFC 10-311] analyzing module sc_util_v1_0_4_srl_rtl__parameterized0_516
INFO: [VRFC 10-311] analyzing module sc_util_v1_0_4_srl_rtl__parameterized0_517
INFO: [VRFC 10-311] analyzing module sc_util_v1_0_4_srl_rtl__parameterized0_518
INFO: [VRFC 10-311] analyzing module sc_util_v1_0_4_srl_rtl__parameterized0_519
INFO: [VRFC 10-311] analyzing module sc_util_v1_0_4_srl_rtl__parameterized0_520
INFO: [VRFC 10-311] analyzing module sc_util_v1_0_4_srl_rtl__parameterized0_521
INFO: [VRFC 10-311] analyzing module sc_util_v1_0_4_srl_rtl__parameterized0_522
INFO: [VRFC 10-311] analyzing module sc_util_v1_0_4_srl_rtl__parameterized0_523
INFO: [VRFC 10-311] analyzing module sc_util_v1_0_4_srl_rtl__parameterized0_524
INFO: [VRFC 10-311] analyzing module sc_util_v1_0_4_srl_rtl__parameterized0_525
INFO: [VRFC 10-311] analyzing module sc_util_v1_0_4_srl_rtl__parameterized0_526
INFO: [VRFC 10-311] analyzing module sc_util_v1_0_4_srl_rtl__parameterized0_527
INFO: [VRFC 10-311] analyzing module sc_util_v1_0_4_srl_rtl__parameterized0_528
INFO: [VRFC 10-311] analyzing module sc_util_v1_0_4_srl_rtl__parameterized0_563
INFO: [VRFC 10-311] analyzing module sc_util_v1_0_4_srl_rtl__parameterized0_564
INFO: [VRFC 10-311] analyzing module sc_util_v1_0_4_srl_rtl__parameterized0_565
INFO: [VRFC 10-311] analyzing module sc_util_v1_0_4_srl_rtl__parameterized0_566
INFO: [VRFC 10-311] analyzing module sc_util_v1_0_4_srl_rtl__parameterized0_567
INFO: [VRFC 10-311] analyzing module sc_util_v1_0_4_srl_rtl__parameterized0_568
INFO: [VRFC 10-311] analyzing module sc_util_v1_0_4_srl_rtl__parameterized0_569
INFO: [VRFC 10-311] analyzing module sc_util_v1_0_4_srl_rtl__parameterized0_570
INFO: [VRFC 10-311] analyzing module sc_util_v1_0_4_srl_rtl__parameterized0_571
INFO: [VRFC 10-311] analyzing module sc_util_v1_0_4_srl_rtl__parameterized0_572
INFO: [VRFC 10-311] analyzing module sc_util_v1_0_4_srl_rtl__parameterized0_573
INFO: [VRFC 10-311] analyzing module sc_util_v1_0_4_srl_rtl__parameterized0_574
INFO: [VRFC 10-311] analyzing module sc_util_v1_0_4_srl_rtl__parameterized0_575
INFO: [VRFC 10-311] analyzing module sc_util_v1_0_4_srl_rtl__parameterized0_576
INFO: [VRFC 10-311] analyzing module sc_util_v1_0_4_srl_rtl__parameterized0_577
INFO: [VRFC 10-311] analyzing module sc_util_v1_0_4_srl_rtl__parameterized0_578
INFO: [VRFC 10-311] analyzing module sc_util_v1_0_4_srl_rtl__parameterized0_579
INFO: [VRFC 10-311] analyzing module sc_util_v1_0_4_srl_rtl__parameterized0_580
INFO: [VRFC 10-311] analyzing module sc_util_v1_0_4_srl_rtl__parameterized0_581
INFO: [VRFC 10-311] analyzing module sc_util_v1_0_4_srl_rtl__parameterized0_582
INFO: [VRFC 10-311] analyzing module sc_util_v1_0_4_srl_rtl__parameterized0_583
INFO: [VRFC 10-311] analyzing module sc_util_v1_0_4_srl_rtl__parameterized0_584
INFO: [VRFC 10-311] analyzing module sc_util_v1_0_4_srl_rtl__parameterized0_585
INFO: [VRFC 10-311] analyzing module sc_util_v1_0_4_srl_rtl__parameterized0_586
INFO: [VRFC 10-311] analyzing module sc_util_v1_0_4_srl_rtl__parameterized0_587
INFO: [VRFC 10-311] analyzing module sc_util_v1_0_4_srl_rtl__parameterized0_588
INFO: [VRFC 10-311] analyzing module sc_util_v1_0_4_srl_rtl__parameterized0_589
INFO: [VRFC 10-311] analyzing module sc_util_v1_0_4_srl_rtl__parameterized0_590
INFO: [VRFC 10-311] analyzing module sc_util_v1_0_4_srl_rtl__parameterized0_591
INFO: [VRFC 10-311] analyzing module sc_util_v1_0_4_srl_rtl__parameterized0_592
INFO: [VRFC 10-311] analyzing module sc_util_v1_0_4_srl_rtl__parameterized0_593
INFO: [VRFC 10-311] analyzing module sc_util_v1_0_4_srl_rtl__parameterized0_594
INFO: [VRFC 10-311] analyzing module sc_util_v1_0_4_srl_rtl__parameterized0_595
INFO: [VRFC 10-311] analyzing module sc_util_v1_0_4_srl_rtl__parameterized0_596
INFO: [VRFC 10-311] analyzing module sc_util_v1_0_4_srl_rtl__parameterized0_597
INFO: [VRFC 10-311] analyzing module sc_util_v1_0_4_srl_rtl__parameterized0_598
INFO: [VRFC 10-311] analyzing module sc_util_v1_0_4_srl_rtl__parameterized0_82
INFO: [VRFC 10-311] analyzing module sc_util_v1_0_4_srl_rtl__parameterized0_83
INFO: [VRFC 10-311] analyzing module sc_util_v1_0_4_srl_rtl__parameterized0_84
INFO: [VRFC 10-311] analyzing module sc_util_v1_0_4_srl_rtl__parameterized0_85
INFO: [VRFC 10-311] analyzing module sc_util_v1_0_4_srl_rtl__parameterized0_86
INFO: [VRFC 10-311] analyzing module sc_util_v1_0_4_srl_rtl__parameterized0_87
INFO: [VRFC 10-311] analyzing module sc_util_v1_0_4_srl_rtl__parameterized0_88
INFO: [VRFC 10-311] analyzing module sc_util_v1_0_4_srl_rtl__parameterized0_89
INFO: [VRFC 10-311] analyzing module sc_util_v1_0_4_srl_rtl__parameterized0_90
INFO: [VRFC 10-311] analyzing module sc_util_v1_0_4_srl_rtl__parameterized0_91
INFO: [VRFC 10-311] analyzing module sc_util_v1_0_4_srl_rtl__parameterized0_92
INFO: [VRFC 10-311] analyzing module sc_util_v1_0_4_srl_rtl__parameterized0_93
INFO: [VRFC 10-311] analyzing module sc_util_v1_0_4_srl_rtl__parameterized0_94
INFO: [VRFC 10-311] analyzing module sc_util_v1_0_4_srl_rtl__parameterized0_95
INFO: [VRFC 10-311] analyzing module sc_util_v1_0_4_srl_rtl__parameterized0_96
INFO: [VRFC 10-311] analyzing module sc_util_v1_0_4_srl_rtl__parameterized0_97
INFO: [VRFC 10-311] analyzing module sc_util_v1_0_4_srl_rtl__parameterized0_98
INFO: [VRFC 10-311] analyzing module sc_util_v1_0_4_srl_rtl__parameterized0_99
INFO: [VRFC 10-311] analyzing module sc_util_v1_0_4_srl_rtl__parameterized1
INFO: [VRFC 10-311] analyzing module sc_util_v1_0_4_srl_rtl__parameterized1_256
INFO: [VRFC 10-311] analyzing module sc_util_v1_0_4_srl_rtl__parameterized1_257
INFO: [VRFC 10-311] analyzing module sc_util_v1_0_4_srl_rtl__parameterized1_258
INFO: [VRFC 10-311] analyzing module sc_util_v1_0_4_srl_rtl__parameterized1_262
INFO: [VRFC 10-311] analyzing module sc_util_v1_0_4_srl_rtl__parameterized1_263
INFO: [VRFC 10-311] analyzing module sc_util_v1_0_4_srl_rtl__parameterized1_264
INFO: [VRFC 10-311] analyzing module sc_util_v1_0_4_srl_rtl__parameterized1_265
INFO: [VRFC 10-311] analyzing module sc_util_v1_0_4_xpm_memory_fifo
INFO: [VRFC 10-311] analyzing module sc_util_v1_0_4_xpm_memory_fifo__parameterized0
INFO: [VRFC 10-311] analyzing module sc_util_v1_0_4_xpm_memory_fifo__parameterized0__xdcDup__1
INFO: [VRFC 10-311] analyzing module sc_util_v1_0_4_xpm_memory_fifo__parameterized0__xdcDup__2
INFO: [VRFC 10-311] analyzing module sc_util_v1_0_4_xpm_memory_fifo__parameterized0__xdcDup__3
INFO: [VRFC 10-311] analyzing module sc_util_v1_0_4_xpm_memory_fifo__parameterized1
INFO: [VRFC 10-311] analyzing module sc_util_v1_0_4_xpm_memory_fifo__parameterized10
INFO: [VRFC 10-311] analyzing module sc_util_v1_0_4_xpm_memory_fifo__parameterized10__xdcDup__1
INFO: [VRFC 10-311] analyzing module sc_util_v1_0_4_xpm_memory_fifo__parameterized1__xdcDup__1
INFO: [VRFC 10-311] analyzing module sc_util_v1_0_4_xpm_memory_fifo__parameterized1__xdcDup__2
INFO: [VRFC 10-311] analyzing module sc_util_v1_0_4_xpm_memory_fifo__parameterized1__xdcDup__3
INFO: [VRFC 10-311] analyzing module sc_util_v1_0_4_xpm_memory_fifo__parameterized2
INFO: [VRFC 10-311] analyzing module sc_util_v1_0_4_xpm_memory_fifo__parameterized2__xdcDup__1
INFO: [VRFC 10-311] analyzing module sc_util_v1_0_4_xpm_memory_fifo__parameterized3
INFO: [VRFC 10-311] analyzing module sc_util_v1_0_4_xpm_memory_fifo__parameterized3__xdcDup__1
INFO: [VRFC 10-311] analyzing module sc_util_v1_0_4_xpm_memory_fifo__parameterized4
INFO: [VRFC 10-311] analyzing module sc_util_v1_0_4_xpm_memory_fifo__parameterized4__xdcDup__1
INFO: [VRFC 10-311] analyzing module sc_util_v1_0_4_xpm_memory_fifo__parameterized4__xdcDup__2
INFO: [VRFC 10-311] analyzing module sc_util_v1_0_4_xpm_memory_fifo__parameterized4__xdcDup__3
INFO: [VRFC 10-311] analyzing module sc_util_v1_0_4_xpm_memory_fifo__parameterized5
INFO: [VRFC 10-311] analyzing module sc_util_v1_0_4_xpm_memory_fifo__parameterized5__xdcDup__1
INFO: [VRFC 10-311] analyzing module sc_util_v1_0_4_xpm_memory_fifo__parameterized6
INFO: [VRFC 10-311] analyzing module sc_util_v1_0_4_xpm_memory_fifo__parameterized6__xdcDup__1
INFO: [VRFC 10-311] analyzing module sc_util_v1_0_4_xpm_memory_fifo__parameterized6__xdcDup__2
INFO: [VRFC 10-311] analyzing module sc_util_v1_0_4_xpm_memory_fifo__parameterized6__xdcDup__3
INFO: [VRFC 10-311] analyzing module sc_util_v1_0_4_xpm_memory_fifo__parameterized6__xdcDup__4
INFO: [VRFC 10-311] analyzing module sc_util_v1_0_4_xpm_memory_fifo__parameterized6__xdcDup__5
INFO: [VRFC 10-311] analyzing module sc_util_v1_0_4_xpm_memory_fifo__parameterized7
INFO: [VRFC 10-311] analyzing module sc_util_v1_0_4_xpm_memory_fifo__parameterized7__xdcDup__1
INFO: [VRFC 10-311] analyzing module sc_util_v1_0_4_xpm_memory_fifo__parameterized7__xdcDup__2
INFO: [VRFC 10-311] analyzing module sc_util_v1_0_4_xpm_memory_fifo__parameterized7__xdcDup__3
INFO: [VRFC 10-311] analyzing module sc_util_v1_0_4_xpm_memory_fifo__parameterized8
INFO: [VRFC 10-311] analyzing module sc_util_v1_0_4_xpm_memory_fifo__parameterized8__xdcDup__1
INFO: [VRFC 10-311] analyzing module sc_util_v1_0_4_xpm_memory_fifo__parameterized9
INFO: [VRFC 10-311] analyzing module sc_util_v1_0_4_xpm_memory_fifo__parameterized9__xdcDup__1
INFO: [VRFC 10-311] analyzing module sc_util_v1_0_4_xpm_memory_fifo__xdcDup__1
INFO: [VRFC 10-311] analyzing module sc_util_v1_0_4_xpm_memory_fifo__xdcDup__2
INFO: [VRFC 10-311] analyzing module sc_util_v1_0_4_xpm_memory_fifo__xdcDup__3
INFO: [VRFC 10-311] analyzing module sc_util_v1_0_4_xpm_memory_fifo__xdcDup__4
INFO: [VRFC 10-311] analyzing module sc_util_v1_0_4_xpm_memory_fifo__xdcDup__5
INFO: [VRFC 10-311] analyzing module sc_util_v1_0_4_xpm_memory_fifo__xdcDup__6
INFO: [VRFC 10-311] analyzing module sc_util_v1_0_4_xpm_memory_fifo__xdcDup__7
INFO: [VRFC 10-311] analyzing module sc_util_v1_0_4_xpm_memory_fifo__xdcDup__8
INFO: [VRFC 10-311] analyzing module sc_util_v1_0_4_xpm_memory_fifo__xdcDup__9
INFO: [VRFC 10-311] analyzing module sequence_psr
INFO: [VRFC 10-311] analyzing module sequence_psr_785
INFO: [VRFC 10-311] analyzing module upcnt_n
INFO: [VRFC 10-311] analyzing module upcnt_n_786
INFO: [VRFC 10-311] analyzing module wr_chnl
INFO: [VRFC 10-311] analyzing module bd_49ec
INFO: [VRFC 10-311] analyzing module clk_map_imp_1DSE3YR
INFO: [VRFC 10-311] analyzing module design_1
INFO: [VRFC 10-311] analyzing module design_1_neural_network_0_3
INFO: [VRFC 10-311] analyzing module design_1_processing_system7_0_2
INFO: [VRFC 10-311] analyzing module design_1_smartconnect_0_3
INFO: [VRFC 10-311] analyzing module design_1_wrapper
INFO: [VRFC 10-311] analyzing module m00_exit_pipeline_imp_L1TK5K
INFO: [VRFC 10-311] analyzing module m00_nodes_imp_7QVIHW
INFO: [VRFC 10-311] analyzing module m01_exit_pipeline_imp_PSKKG8
INFO: [VRFC 10-311] analyzing module m01_nodes_imp_11FER6A
INFO: [VRFC 10-311] analyzing module neural_network_v1_0
INFO: [VRFC 10-311] analyzing module proc_sys_reset
INFO: [VRFC 10-311] analyzing module processing_system7_v5_5_processing_system7
INFO: [VRFC 10-311] analyzing module s00_entry_pipeline_imp_1JRESSR
INFO: [VRFC 10-311] analyzing module s00_nodes_imp_1PEKLSH
INFO: [VRFC 10-311] analyzing module s01_entry_pipeline_imp_N67Y5B
INFO: [VRFC 10-311] analyzing module s01_nodes_imp_HTTWRR
INFO: [VRFC 10-311] analyzing module switchboards_imp_1EP5YRP
INFO: [VRFC 10-311] analyzing module xpm_cdc_async_rst
INFO: [VRFC 10-311] analyzing module xpm_cdc_async_rst__11
INFO: [VRFC 10-311] analyzing module xpm_cdc_async_rst__12
INFO: [VRFC 10-311] analyzing module xpm_cdc_async_rst__13
INFO: [VRFC 10-311] analyzing module xpm_cdc_async_rst__14
INFO: [VRFC 10-311] analyzing module xpm_cdc_async_rst__15
INFO: [VRFC 10-311] analyzing module xpm_cdc_async_rst__16
INFO: [VRFC 10-311] analyzing module xpm_cdc_async_rst__17
INFO: [VRFC 10-311] analyzing module xpm_cdc_async_rst__18
INFO: [VRFC 10-311] analyzing module xpm_cdc_async_rst__19
INFO: [VRFC 10-311] analyzing module xpm_cdc_async_rst__20
INFO: [VRFC 10-311] analyzing module xpm_cdc_async_rst__21
INFO: [VRFC 10-311] analyzing module xpm_cdc_async_rst__22
INFO: [VRFC 10-311] analyzing module xpm_cdc_async_rst__23
INFO: [VRFC 10-311] analyzing module xpm_cdc_async_rst__24
INFO: [VRFC 10-311] analyzing module xpm_cdc_async_rst__25
INFO: [VRFC 10-311] analyzing module xpm_cdc_async_rst__26
INFO: [VRFC 10-311] analyzing module xpm_cdc_async_rst__27
INFO: [VRFC 10-311] analyzing module xpm_cdc_async_rst__28
INFO: [VRFC 10-311] analyzing module xpm_cdc_async_rst__29
INFO: [VRFC 10-311] analyzing module xpm_cdc_async_rst__30
INFO: [VRFC 10-311] analyzing module xpm_cdc_async_rst__31
INFO: [VRFC 10-311] analyzing module xpm_cdc_async_rst__32
INFO: [VRFC 10-311] analyzing module xpm_cdc_async_rst__33
INFO: [VRFC 10-311] analyzing module xpm_cdc_async_rst__34
INFO: [VRFC 10-311] analyzing module xpm_cdc_async_rst__35
INFO: [VRFC 10-311] analyzing module xpm_cdc_async_rst__36
INFO: [VRFC 10-311] analyzing module xpm_cdc_async_rst__37
INFO: [VRFC 10-311] analyzing module xpm_cdc_async_rst__38
INFO: [VRFC 10-311] analyzing module xpm_cdc_async_rst__39
INFO: [VRFC 10-311] analyzing module xpm_cdc_async_rst__40
INFO: [VRFC 10-311] analyzing module xpm_cdc_async_rst__41
INFO: [VRFC 10-311] analyzing module xpm_cdc_async_rst__42
INFO: [VRFC 10-311] analyzing module xpm_cdc_async_rst__43
INFO: [VRFC 10-311] analyzing module xpm_cdc_async_rst__44
INFO: [VRFC 10-311] analyzing module xpm_cdc_async_rst__45
INFO: [VRFC 10-311] analyzing module xpm_cdc_async_rst__46
INFO: [VRFC 10-311] analyzing module xpm_cdc_async_rst__47
INFO: [VRFC 10-311] analyzing module xpm_cdc_async_rst__48
INFO: [VRFC 10-311] analyzing module xpm_cdc_async_rst__49
INFO: [VRFC 10-311] analyzing module xpm_cdc_async_rst__50
INFO: [VRFC 10-311] analyzing module xpm_cdc_async_rst__51
INFO: [VRFC 10-311] analyzing module xpm_cdc_async_rst__52
INFO: [VRFC 10-311] analyzing module xpm_cdc_async_rst__53
INFO: [VRFC 10-311] analyzing module xpm_cdc_async_rst__54
INFO: [VRFC 10-311] analyzing module xpm_cdc_async_rst__55
INFO: [VRFC 10-311] analyzing module xpm_cdc_async_rst__56
INFO: [VRFC 10-311] analyzing module xpm_cdc_async_rst__57
INFO: [VRFC 10-311] analyzing module xpm_cdc_single
INFO: [VRFC 10-311] analyzing module xpm_cdc_single__1
INFO: [VRFC 10-311] analyzing module xpm_cdc_single__2
INFO: [VRFC 10-311] analyzing module xpm_cdc_single__3
INFO: [VRFC 10-311] analyzing module xpm_memory_base__parameterized0
INFO: [VRFC 10-311] analyzing module xpm_memory_base__parameterized0__4
INFO: [VRFC 10-311] analyzing module xpm_memory_base__parameterized0__5
INFO: [VRFC 10-311] analyzing module xpm_memory_base__parameterized0__6
INFO: [VRFC 10-311] analyzing module xpm_memory_base__parameterized1
INFO: [VRFC 10-311] analyzing module xpm_memory_base__parameterized10
INFO: [VRFC 10-311] analyzing module xpm_memory_base__parameterized10__2
INFO: [VRFC 10-311] analyzing module xpm_memory_base__parameterized1__4
INFO: [VRFC 10-311] analyzing module xpm_memory_base__parameterized1__5
INFO: [VRFC 10-311] analyzing module xpm_memory_base__parameterized1__6
INFO: [VRFC 10-311] analyzing module xpm_memory_base__parameterized2
INFO: [VRFC 10-311] analyzing module xpm_memory_base__parameterized2__2
INFO: [VRFC 10-311] analyzing module xpm_memory_base__parameterized3
INFO: [VRFC 10-311] analyzing module xpm_memory_base__parameterized3__2
INFO: [VRFC 10-311] analyzing module xpm_memory_base__parameterized4
INFO: [VRFC 10-311] analyzing module xpm_memory_base__parameterized4__4
INFO: [VRFC 10-311] analyzing module xpm_memory_base__parameterized4__5
INFO: [VRFC 10-311] analyzing module xpm_memory_base__parameterized4__6
INFO: [VRFC 10-311] analyzing module xpm_memory_base__parameterized5
INFO: [VRFC 10-311] analyzing module xpm_memory_base__parameterized5__2
INFO: [VRFC 10-311] analyzing module xpm_memory_base__parameterized6
INFO: [VRFC 10-311] analyzing module xpm_memory_base__parameterized6__10
INFO: [VRFC 10-311] analyzing module xpm_memory_base__parameterized6__6
INFO: [VRFC 10-311] analyzing module xpm_memory_base__parameterized6__7
INFO: [VRFC 10-311] analyzing module xpm_memory_base__parameterized6__8
INFO: [VRFC 10-311] analyzing module xpm_memory_base__parameterized6__9
INFO: [VRFC 10-311] analyzing module xpm_memory_base__parameterized7
INFO: [VRFC 10-311] analyzing module xpm_memory_base__parameterized7__4
INFO: [VRFC 10-311] analyzing module xpm_memory_base__parameterized7__5
INFO: [VRFC 10-311] analyzing module xpm_memory_base__parameterized7__6
INFO: [VRFC 10-311] analyzing module xpm_memory_base__parameterized8
INFO: [VRFC 10-311] analyzing module xpm_memory_base__parameterized8__2
INFO: [VRFC 10-311] analyzing module xpm_memory_base__parameterized9
INFO: [VRFC 10-311] analyzing module xpm_memory_base__parameterized9__2
INFO: [VRFC 10-311] analyzing module xpm_memory_sdpram__parameterized0
INFO: [VRFC 10-311] analyzing module xpm_memory_sdpram__parameterized0__4
INFO: [VRFC 10-311] analyzing module xpm_memory_sdpram__parameterized0__5
INFO: [VRFC 10-311] analyzing module xpm_memory_sdpram__parameterized0__6
INFO: [VRFC 10-311] analyzing module xpm_memory_sdpram__parameterized1
INFO: [VRFC 10-311] analyzing module xpm_memory_sdpram__parameterized10
INFO: [VRFC 10-311] analyzing module xpm_memory_sdpram__parameterized10__2
INFO: [VRFC 10-311] analyzing module xpm_memory_sdpram__parameterized1__4
INFO: [VRFC 10-311] analyzing module xpm_memory_sdpram__parameterized1__5
INFO: [VRFC 10-311] analyzing module xpm_memory_sdpram__parameterized1__6
INFO: [VRFC 10-311] analyzing module xpm_memory_sdpram__parameterized2
INFO: [VRFC 10-311] analyzing module xpm_memory_sdpram__parameterized2__2
INFO: [VRFC 10-311] analyzing module xpm_memory_sdpram__parameterized3
INFO: [VRFC 10-311] analyzing module xpm_memory_sdpram__parameterized3__2
INFO: [VRFC 10-311] analyzing module xpm_memory_sdpram__parameterized4
INFO: [VRFC 10-311] analyzing module xpm_memory_sdpram__parameterized4__4
INFO: [VRFC 10-311] analyzing module xpm_memory_sdpram__parameterized4__5
INFO: [VRFC 10-311] analyzing module xpm_memory_sdpram__parameterized4__6
INFO: [VRFC 10-311] analyzing module xpm_memory_sdpram__parameterized5
INFO: [VRFC 10-311] analyzing module xpm_memory_sdpram__parameterized5__2
INFO: [VRFC 10-311] analyzing module xpm_memory_sdpram__parameterized6
INFO: [VRFC 10-311] analyzing module xpm_memory_sdpram__parameterized6__10
INFO: [VRFC 10-311] analyzing module xpm_memory_sdpram__parameterized6__6
INFO: [VRFC 10-311] analyzing module xpm_memory_sdpram__parameterized6__7
INFO: [VRFC 10-311] analyzing module xpm_memory_sdpram__parameterized6__8
INFO: [VRFC 10-311] analyzing module xpm_memory_sdpram__parameterized6__9
INFO: [VRFC 10-311] analyzing module xpm_memory_sdpram__parameterized7
INFO: [VRFC 10-311] analyzing module xpm_memory_sdpram__parameterized7__4
INFO: [VRFC 10-311] analyzing module xpm_memory_sdpram__parameterized7__5
INFO: [VRFC 10-311] analyzing module xpm_memory_sdpram__parameterized7__6
INFO: [VRFC 10-311] analyzing module xpm_memory_sdpram__parameterized8
INFO: [VRFC 10-311] analyzing module xpm_memory_sdpram__parameterized8__2
INFO: [VRFC 10-311] analyzing module xpm_memory_sdpram__parameterized9
INFO: [VRFC 10-311] analyzing module xpm_memory_sdpram__parameterized9__2
INFO: [VRFC 10-311] analyzing module sc_exit_v1_0_17_top
INFO: [VRFC 10-311] analyzing module sc_node_v1_0_18_top__parameterized4
INFO: [VRFC 10-311] analyzing module sc_node_v1_0_18_top__parameterized6
INFO: [VRFC 10-311] analyzing module sc_sc2axi_v1_0_10_top__parameterized0
INFO: [VRFC 10-311] analyzing module sc_si_converter_v1_0_15_top
INFO: [VRFC 10-311] analyzing module sc_si_converter_v1_0_15_top__parameterized0
INFO: [VRFC 10-311] analyzing module sc_transaction_regulator_v1_0_11_top
INFO: [VRFC 10-311] analyzing module sc_transaction_regulator_v1_0_11_top__parameterized0
INFO: [VRFC 10-311] analyzing module glbl
INFO: [VRFC 10-2263] Analyzing Verilog file "G:/zed_board/F/Vivado_projects/Pynq/Pynq_handwritten_digit_recognition.srcs/sources_1/new/relu.v" into library xil_defaultlib
INFO: [VRFC 10-311] analyzing module relu
INFO: [VRFC 10-2263] Analyzing SystemVerilog file "G:/zed_board/F/Vivado_projects/Pynq/Pynq_handwritten_digit_recognition.srcs/sources_1/new/avg_pooling.v" into library xil_defaultlib
INFO: [VRFC 10-311] analyzing module avg_pooling
INFO: [VRFC 10-2263] Analyzing SystemVerilog file "G:/zed_board/F/Vivado_projects/Pynq/Pynq_handwritten_digit_recognition.srcs/sources_1/new/dense_layer.v" into library xil_defaultlib
INFO: [VRFC 10-311] analyzing module dense_layer
INFO: [VRFC 10-2263] Analyzing SystemVerilog file "G:/zed_board/F/Vivado_projects/Pynq/Pynq_handwritten_digit_recognition.srcs/sources_1/new/dense_layer1.sv" into library xil_defaultlib
INFO: [VRFC 10-311] analyzing module dense_layer1
INFO: [VRFC 10-2263] Analyzing SystemVerilog file "G:/zed_board/F/Vivado_projects/Pynq/Pynq_handwritten_digit_recognition.srcs/sources_1/new/dense_layer2.v" into library xil_defaultlib
INFO: [VRFC 10-311] analyzing module dense_layer2
INFO: [VRFC 10-2263] Analyzing SystemVerilog file "G:/zed_board/F/Vivado_projects/Pynq/Pynq_handwritten_digit_recognition.srcs/sources_1/new/neural_network.v" into library xil_defaultlib
INFO: [VRFC 10-311] analyzing module neural_network
INFO: [VRFC 10-2263] Analyzing SystemVerilog file "G:/zed_board/F/Vivado_projects/Pynq/Pynq_handwritten_digit_recognition.srcs/sources_1/new/neuron.v" into library xil_defaultlib
INFO: [VRFC 10-311] analyzing module neuron
INFO: [VRFC 10-2263] Analyzing SystemVerilog file "G:/zed_board/F/Vivado_projects/Pynq/Pynq_handwritten_digit_recognition.srcs/sources_1/new/select_max.v" into library xil_defaultlib
INFO: [VRFC 10-311] analyzing module select_max
INFO: [VRFC 10-2263] Analyzing SystemVerilog file "G:/zed_board/F/Vivado_projects/Pynq/Pynq_handwritten_digit_recognition.srcs/sources_1/new/NN_tb.sv" into library xil_defaultlib
INFO: [VRFC 10-311] analyzing module NN_tb
