
*** Running vivado
    with args -log neural_network.vds -m64 -product Vivado -mode batch -messageDb vivado.pb -notrace -source neural_network.tcl



****** Vivado v2025.1 (64-bit)
  **** SW Build 6140274 on Thu May 22 00:12:29 MDT 2025
  **** IP Build 6138677 on Thu May 22 03:10:11 MDT 2025
  **** SharedData Build 6139179 on Tue May 20 17:58:58 MDT 2025
  **** Start of session at: Thu May 21 03:17:30 2026
    ** Copyright 1986-2022 Xilinx, Inc. All Rights Reserved.
    ** Copyright 2022-2025 Advanced Micro Devices, Inc. All Rights Reserved.

source neural_network.tcl -notrace
create_project: Time (s): cpu = 00:00:07 ; elapsed = 00:00:07 . Memory (MB): peak = 504.590 ; gain = 211.871
INFO: [IP_Flow 19-234] Refreshing IP repositories
INFO: [IP_Flow 19-1700] Loaded user IP repository 'g:/zed_board/F/neural_network_1_0'.
INFO: [IP_Flow 19-2313] Loaded Vivado IP repository 'G:/xillinx/2025.1/Vivado/data/ip'.
Command: read_checkpoint -auto_incremental -incremental C:/Users/pratyush/Downloads/zed_board/F/Vivado_projects/Pynq/Pynq_handwritten_digit_recognition.srcs/utils_1/imports/synth_1/neural_network.dcp
INFO: [Vivado 12-5825] Read reference checkpoint from C:/Users/pratyush/Downloads/zed_board/F/Vivado_projects/Pynq/Pynq_handwritten_digit_recognition.srcs/utils_1/imports/synth_1/neural_network.dcp for incremental synthesis
INFO: [Vivado 12-7989] Please ensure there are no constraint changes
read_checkpoint: Time (s): cpu = 00:00:01 ; elapsed = 00:00:09 . Memory (MB): peak = 525.184 ; gain = 20.594
Command: synth_design -top neural_network -part xc7z020clg484-1
Starting synth_design
Attempting to get a license for feature 'Synthesis' and/or device 'xc7z020'
INFO: [Common 17-349] Got license for feature 'Synthesis' and/or device 'xc7z020'
INFO: [Device 21-403] Loading part xc7z020clg484-1
INFO: [Synth 8-7079] Multithreading enabled for synth_design using a maximum of 2 processes.
INFO: [Synth 8-7078] Launching helper process for spawning children vivado processes
INFO: [Synth 8-7075] Helper process launched with PID 11840
---------------------------------------------------------------------------------
Starting RTL Elaboration : Time (s): cpu = 00:00:03 ; elapsed = 00:00:04 . Memory (MB): peak = 1250.684 ; gain = 492.461
---------------------------------------------------------------------------------
INFO: [Synth 8-6157] synthesizing module 'neural_network' [C:/Users/pratyush/Downloads/zed_board/F/Vivado_projects/Pynq/Pynq_handwritten_digit_recognition.srcs/sources_1/new/neural_network.v:3]
INFO: [Synth 8-6157] synthesizing module 'avg_pooling' [C:/Users/pratyush/Downloads/zed_board/F/Vivado_projects/Pynq/Pynq_handwritten_digit_recognition.srcs/sources_1/new/avg_pooling.v:1]
INFO: [Synth 8-6155] done synthesizing module 'avg_pooling' (0#1) [C:/Users/pratyush/Downloads/zed_board/F/Vivado_projects/Pynq/Pynq_handwritten_digit_recognition.srcs/sources_1/new/avg_pooling.v:1]
ERROR: [Synth 8-11365] for the instance 'AvgPooling' of module 'avg_pooling' declared at 'C:/Users/pratyush/Downloads/zed_board/F/Vivado_projects/Pynq/Pynq_handwritten_digit_recognition.srcs/sources_1/new/avg_pooling.v:1', named port connection 'enable' does not exist [C:/Users/pratyush/Downloads/zed_board/F/Vivado_projects/Pynq/Pynq_handwritten_digit_recognition.srcs/sources_1/new/neural_network.v:51]
ERROR: [Synth 8-11365] for the instance 'AvgPooling' of module 'avg_pooling' declared at 'C:/Users/pratyush/Downloads/zed_board/F/Vivado_projects/Pynq/Pynq_handwritten_digit_recognition.srcs/sources_1/new/avg_pooling.v:1', named port connection 'done' does not exist [C:/Users/pratyush/Downloads/zed_board/F/Vivado_projects/Pynq/Pynq_handwritten_digit_recognition.srcs/sources_1/new/neural_network.v:57]
INFO: [Synth 8-6157] synthesizing module 'dense_layer1' [C:/Users/pratyush/Downloads/zed_board/F/Vivado_projects/Pynq/Pynq_handwritten_digit_recognition.srcs/sources_1/new/dense_layer1.sv:5]
INFO: [Synth 8-6157] synthesizing module 'dense_layer' [C:/Users/pratyush/Downloads/zed_board/F/Vivado_projects/Pynq/Pynq_handwritten_digit_recognition.srcs/sources_1/new/dense_layer.v:20]
	Parameter NEURON_NB bound to: 32 - type: integer 
	Parameter IN_SIZE bound to: 196 - type: integer 
	Parameter WIDTH bound to: 6 - type: integer 
INFO: [Synth 8-6157] synthesizing module 'neuron' [C:/Users/pratyush/Downloads/zed_board/F/Vivado_projects/Pynq/Pynq_handwritten_digit_recognition.srcs/sources_1/new/neuron.v:39]
	Parameter IN_SIZE bound to: 196 - type: integer 
	Parameter WIDTH bound to: 6 - type: integer 
ERROR: [Synth 8-6156] failed synthesizing module 'neuron' [C:/Users/pratyush/Downloads/zed_board/F/Vivado_projects/Pynq/Pynq_handwritten_digit_recognition.srcs/sources_1/new/neuron.v:39]
ERROR: [Synth 8-6156] failed synthesizing module 'dense_layer' [C:/Users/pratyush/Downloads/zed_board/F/Vivado_projects/Pynq/Pynq_handwritten_digit_recognition.srcs/sources_1/new/dense_layer.v:20]
ERROR: [Synth 8-6156] failed synthesizing module 'dense_layer1' [C:/Users/pratyush/Downloads/zed_board/F/Vivado_projects/Pynq/Pynq_handwritten_digit_recognition.srcs/sources_1/new/dense_layer1.sv:5]
ERROR: [Synth 8-6156] failed synthesizing module 'neural_network' [C:/Users/pratyush/Downloads/zed_board/F/Vivado_projects/Pynq/Pynq_handwritten_digit_recognition.srcs/sources_1/new/neural_network.v:3]
---------------------------------------------------------------------------------
Finished RTL Elaboration : Time (s): cpu = 00:00:04 ; elapsed = 00:00:05 . Memory (MB): peak = 1382.355 ; gain = 624.133
---------------------------------------------------------------------------------
RTL Elaboration failed
INFO: [Common 17-83] Releasing license: Synthesis
17 Infos, 0 Warnings, 0 Critical Warnings and 7 Errors encountered.
synth_design failed
ERROR: [Common 17-69] Command failed: Synthesis failed - please see the console or run log file for details
INFO: [Common 17-206] Exiting Vivado at Thu May 21 03:18:25 2026...
